#
# A fatal error has been detected by the Java Runtime Environment:
#
#  SIGSEGV (0xb) at pc=0x0000000104d7f91c, pid=31428, tid=39947
#
# JRE version: Java(TM) SE Runtime Environment (17.0.2+8) (build 17.0.2+8-LTS-86)
# Java VM: Java HotSpot(TM) 64-Bit Server VM (17.0.2+8-LTS-86, mixed mode, sharing, tiered, compressed oops, compressed class ptrs, g1 gc, bsd-amd64)
# Problematic frame:
# V  [libjvm.dylib+0x3f191c]  _ZN15JavaFrameAnchor13make_walkableEP10JavaThread+0x1c
#
# No core dump will be written. Core dumps have been disabled. To enable core dumping, try "ulimit -c unlimited" before starting Java again
#
# If you would like to submit a bug report, please visit:
#   https://bugreport.java.com/bugreport/crash.jsp
# The crash happened outside the Java Virtual Machine in native code.
# See problematic frame for where to report the bug.
#

---------------  S U M M A R Y ------------

Command Line: -XX:+ShowCodeDetailsInExceptionMessages --module-path=/Users/jakopf/Desktop/Gwint/target/classes:/Users/jakopf/.m2/repository/org/openjfx/javafx-controls/13/javafx-controls-13-mac.jar:/Users/jakopf/.m2/repository/org/openjfx/javafx-graphics/13/javafx-graphics-13-mac.jar:/Users/jakopf/.m2/repository/org/openjfx/javafx-base/13/javafx-base-13-mac.jar:/Users/jakopf/.m2/repository/org/openjfx/javafx-fxml/13/javafx-fxml-13-mac.jar:/Users/jakopf/.m2/repository/org/openjfx/javafx-media/13/javafx-media-13-mac.jar:/Users/jakopf/.m2/repository/org/json/json/20220320/json-20220320.jar -Djdk.module.main=gwint gwint/gwint.App

Host: "MacBookPro14,1" x86_64 2300 MHz, 4 cores, 8G, Darwin 21.4.0, macOS 12.3.1 (21E258)
Time: Fri Apr 15 00:19:10 2022 CEST elapsed time: 7.594229 seconds (0d 0h 0m 7s)

---------------  T H R E A D  ---------------

Current thread (0x00007fea393b9800):  JavaThread "InvokeLaterDispatcher" daemon [_thread_in_native, id=39947, stack(0x000070000bd2d000,0x000070000be2d000)]

Stack: [0x000070000bd2d000,0x000070000be2d000],  sp=0x000070000be2c8f0,  free space=1022k
Native frames: (J=compiled Java code, j=interpreted, Vv=VM code, C=native code)
V  [libjvm.dylib+0x3f191c]  _ZN15JavaFrameAnchor13make_walkableEP10JavaThread+0x1c
V  [libjvm.dylib+0x55dfae]  jni_DeleteGlobalRef+0xde
C  [libglass.dylib+0x8e55]  -[GlassRunnable dealloc]+0x35
C  [Foundation+0x81bee]  -[_NSThreadPerformInfo dealloc]+0x2a
C  [Foundation+0x4e496]  -[NSObject(NSThreadPerformAdditions) performSelectorOnMainThread:withObject:waitUntilDone:]+0x7c
j  com.sun.glass.ui.mac.MacApplication._submitForLaterInvocation(Ljava/lang/Runnable;)V+0 javafx.graphics
j  com.sun.glass.ui.mac.MacApplication.submitForLaterInvocation(Ljava/lang/Runnable;)V+2 javafx.graphics
j  com.sun.glass.ui.InvokeLaterDispatcher.run()V+82 javafx.graphics
v  ~StubRoutines::call_stub
V  [libjvm.dylib+0x5053c1]  _ZN9JavaCalls11call_helperEP9JavaValueRK12methodHandleP17JavaCallArgumentsP10JavaThread+0x2a1
V  [libjvm.dylib+0x504437]  _ZN9JavaCalls12call_virtualEP9JavaValueP5KlassP6SymbolS5_P17JavaCallArgumentsP10JavaThread+0x147
V  [libjvm.dylib+0x504503]  _ZN9JavaCalls12call_virtualEP9JavaValue6HandleP5KlassP6SymbolS6_P10JavaThread+0x63
V  [libjvm.dylib+0x5acde4]  _ZL12thread_entryP10JavaThreadS0_+0xb4
V  [libjvm.dylib+0x9f19a2]  _ZN10JavaThread17thread_main_innerEv+0x142
V  [libjvm.dylib+0x9eff9a]  _ZN6Thread8call_runEv+0x11a
V  [libjvm.dylib+0x884258]  _ZL19thread_native_entryP6Thread+0x148
C  [libsystem_pthread.dylib+0x64e1]  _pthread_start+0x7d
C  [libsystem_pthread.dylib+0x1f6b]  thread_start+0xf

Java frames: (J=compiled Java code, j=interpreted, Vv=VM code)
j  com.sun.glass.ui.mac.MacApplication._submitForLaterInvocation(Ljava/lang/Runnable;)V+0 javafx.graphics
j  com.sun.glass.ui.mac.MacApplication.submitForLaterInvocation(Ljava/lang/Runnable;)V+2 javafx.graphics
j  com.sun.glass.ui.InvokeLaterDispatcher.run()V+82 javafx.graphics
v  ~StubRoutines::call_stub

siginfo: si_signo: 11 (SIGSEGV), si_code: 1 (SEGV_MAPERR), si_addr: 0xfffffffffffffff8

Register to memory mapping:

RAX=0x0 is NULL
RBX=0x00007ff7bc6b6050 is pointing into the stack for thread: 0x00007fea394df000
RCX=0x0000600003e45ee8 points into unknown readable memory: 0x0000000000000000 | 00 00 00 00 00 00 00 00
RDX=0x001bffffffffffff is an unknown value
RSP=0x000070000be2c8f0 is pointing into the stack for thread: 0x00007fea393b9800
RBP=0x000070000be2c8f0 is pointing into the stack for thread: 0x00007fea393b9800
RSI=0x00007fea394df000 is a thread
RDI=0x00007fea394df288 points into unknown readable memory: 0x0000000000000000 | 00 00 00 00 00 00 00 00
R8 =0x0000600003d40030 points into unknown readable memory: 0x0000220000002200 | 00 22 00 00 00 22 00 00
R9 =0x0 is NULL
R10=0x000000010e5b4180: OBJC_CLASS_$_GlassRunnable+0 in /Users/jakopf/.openjfx/cache/13/libglass.dylib at 0x000000010e570000
R11=0x000000010e578e20: -[GlassRunnable dealloc]+0 in /Users/jakopf/.openjfx/cache/13/libglass.dylib at 0x000000010e570000
R12=0x00007ff833979412: <offset 0x1a87e412> in /usr/lib/libobjc.A.dylib at 0x00007ff8190fb000
R13=0x0000600000258250 points into unknown readable memory: 0x001d80010e5b4181 | 81 41 5b 0e 01 80 1d 00
R14=0x00007fea3870c950 points into unknown readable memory: 0x0000000000000000 | 00 00 00 00 00 00 00 00
R15=0x00007fea394df000 is a thread


Registers:
RAX=0x0000000000000000, RBX=0x00007ff7bc6b6050, RCX=0x0000600003e45ee8, RDX=0x001bffffffffffff
RSP=0x000070000be2c8f0, RBP=0x000070000be2c8f0, RSI=0x00007fea394df000, RDI=0x00007fea394df288
R8 =0x0000600003d40030, R9 =0x0000000000000000, R10=0x000000010e5b4180, R11=0x000000010e578e20
R12=0x00007ff833979412, R13=0x0000600000258250, R14=0x00007fea3870c950, R15=0x00007fea394df000
RIP=0x0000000104d7f91c, EFLAGS=0x0000000000010246, ERR=0x0000000000000004
  TRAPNO=0x000000000000000e

Top of Stack: (sp=0x000070000be2c8f0)
0x000070000be2c8f0:   000070000be2c920 0000000104eebfae
0x000070000be2c900:   00000001055d7e90 0000600000258250
0x000070000be2c910:   0000600000258258 0000000000000000
0x000070000be2c920:   000070000be2c950 000000010e578e55
0x000070000be2c930:   0000000000000000 00006000002584b0
0x000070000be2c940:   00006000014e9980 00007ff819108020
0x000070000be2c950:   000070000be2c990 00007ff81a1acbee
0x000070000be2c960:   0000600000258250 00006000002584b0
0x000070000be2c970:   00007ff833979412 f1a778b12b360016
0x000070000be2c980:   00006000002584b0 00007ff819105400
0x000070000be2c990:   000070000be2c9e0 00007ff81a179496
0x000070000be2c9a0:   00006000002584b0 0000600000258250
0x000070000be2c9b0:   000000000be2c9e0 000000010d8f1390
0x000070000be2c9c0:   0000000000000000 000000010d8f1390
0x000070000be2c9d0:   000070000be2ca78 00007fea393b9800
0x000070000be2c9e0:   000070000be2ca50 000000010ed4253a
0x000070000be2c9f0:   000070000be2cab0 000000010f5cdf4c
0x000070000be2ca00:   000070000be2ca60 000070000be2ca08
0x000070000be2ca10:   0000000000000000 000070000be2ca78
0x000070000be2ca20:   000000010d916198 0000000000000000
0x000070000be2ca30:   00000007801ca968 000000010d8f1390
0x000070000be2ca40:   0000000000000000 000070000be2ca70
0x000070000be2ca50:   000070000be2cac8 000000010ed3e42b
0x000070000be2ca60:   0000000000000000 000000010ed3ff78
0x000070000be2ca70:   0000000787e00548 00000007801cb408
0x000070000be2ca80:   000070000be2ca80 000000010d8f142a
0x000070000be2ca90:   000070000be2cae0 000000010d916198
0x000070000be2caa0:   0000000000000000 00000007801ca968
0x000070000be2cab0:   000000010d8f1438 000070000be2ca70
0x000070000be2cac0:   000070000be2cad8 000070000be2cb40
0x000070000be2cad0:   000000010ed3e88f 0000000787e00548
0x000070000be2cae0:   00000007801cb408 0000000000000003 

Instructions: (pc=0x0000000104d7f91c)
0x0000000104d7f81c:   07 eb 39 f7 c1 00 01 00 00 74 22 48 8b 43 20 48
0x0000000104d7f82c:   83 c0 10 eb 1d 48 8d 3d 07 b0 70 00 be 90 02 00
0x0000000104d7f83c:   00 e8 3e dd f5 ff e8 49 26 49 00 eb 0f 48 85 c0
0x0000000104d7f84c:   74 05 48 8b 00 eb 02 31 c0 49 89 06 44 89 e0 5b
0x0000000104d7f85c:   41 5c 41 5e 41 5f 5d c3 9c ff ff ff a3 ff ff ff
0x0000000104d7f86c:   ac ff ff ff b3 ff ff ff 9c ff ff ff a3 ff ff ff
0x0000000104d7f87c:   ac ff ff ff b3 ff ff ff bb ff ff ff bb ff ff ff
0x0000000104d7f88c:   f4 ff ff ff 55 48 89 e5 48 8b 47 20 48 8b 40 f0
0x0000000104d7f89c:   48 85 c0 74 09 48 63 ce 48 8d 04 c8 5d c3 48 8b
0x0000000104d7f8ac:   07 48 63 ce 48 8d 04 c8 5d c3 66 2e 0f 1f 84 00
0x0000000104d7f8bc:   00 00 00 00 55 48 89 e5 48 8b 47 20 5d c3 66 0f
0x0000000104d7f8cc:   1f 44 00 00 55 48 89 e5 48 8b 47 10 48 85 c0 74
0x0000000104d7f8dc:   11 8b 40 1c 85 c0 7e 0a 48 c1 e0 03 48 03 47 28
0x0000000104d7f8ec:   5d c3 48 8b 47 20 5d c3 66 2e 0f 1f 84 00 00 00
0x0000000104d7f8fc:   00 00 66 90 55 48 89 e5 48 83 3f 00 74 0d 48 83
0x0000000104d7f90c:   3f 00 74 09 48 83 7f 08 00 74 02 5d c3 48 8b 07
0x0000000104d7f91c:   48 8b 40 f8 48 89 47 08 5d c3 90 90 90 90 90 90
0x0000000104d7f92c:   90 90 90 90 55 48 89 e5 48 39 97 28 01 00 00 73
0x0000000104d7f93c:   69 48 b8 45 44 4f 4e 45 44 4f 4e 48 89 06 48 c7
0x0000000104d7f94c:   46 08 00 00 00 00 48 c7 46 10 00 00 00 00 48 c7
0x0000000104d7f95c:   46 18 00 00 00 00 48 c7 46 20 00 00 00 00 48 89
0x0000000104d7f96c:   56 28 4c 8b 8f 10 01 00 00 4d 85 c9 74 67 49 8b
0x0000000104d7f97c:   49 28 48 39 d1 75 74 4c 89 c8 48 8b 48 20 48 89
0x0000000104d7f98c:   4e 20 48 89 70 20 48 85 d2 74 48 ff 87 18 01 00
0x0000000104d7f99c:   00 48 01 97 20 01 00 00 5d c3 48 89 d0 48 c1 e0
0x0000000104d7f9ac:   20 48 b9 00 00 00 00 fe ff ff ff 48 01 c1 48 c1
0x0000000104d7f9bc:   f9 1d 48 8b 04 0f 48 89 06 48 89 56 08 48 89 34
0x0000000104d7f9cc:   0f 48 85 d2 74 0d ff 87 00 01 00 00 48 01 97 08
0x0000000104d7f9dc:   01 00 00 5d c3 48 89 b7 10 01 00 00 ff 87 18 01
0x0000000104d7f9ec:   00 00 48 01 97 20 01 00 00 5d c3 4c 8d 46 08 eb
0x0000000104d7f9fc:   1c 0f 1f 00 49 8b 41 10 48 85 c0 74 3d 48 8b 48
0x0000000104d7fa0c:   28 49 89 c1 48 39 d1 0f 84 6d ff ff ff 48 39 d1 


Stack slot to memory mapping:
stack at sp + 0 slots: 0x000070000be2c920 is pointing into the stack for thread: 0x00007fea393b9800
stack at sp + 1 slots: 0x0000000104eebfae: jni_DeleteGlobalRef+0xde in /Library/Java/JavaVirtualMachines/jdk-17.0.2.jdk/Contents/Home/lib/server/libjvm.dylib at 0x000000010498e000
stack at sp + 2 slots: 0x00000001055d7e90: jni_NativeInterface+0 in /Library/Java/JavaVirtualMachines/jdk-17.0.2.jdk/Contents/Home/lib/server/libjvm.dylib at 0x000000010498e000
stack at sp + 3 slots: 0x0000600000258250 points into unknown readable memory: 0x001d80010e5b4181 | 81 41 5b 0e 01 80 1d 00
stack at sp + 4 slots: 0x0000600000258258 points into unknown readable memory: 0x00007fea3870c950 | 50 c9 70 38 ea 7f 00 00
stack at sp + 5 slots: 0x0 is NULL
stack at sp + 6 slots: 0x000070000be2c950 is pointing into the stack for thread: 0x00007fea393b9800
stack at sp + 7 slots: 0x000000010e578e55: -[GlassRunnable dealloc]+0x35 in /Users/jakopf/.openjfx/cache/13/libglass.dylib at 0x000000010e570000


---------------  P R O C E S S  ---------------

Threads class SMR info:
_java_thread_list=0x00006000001b6ea0, length=22, elements={
0x00007fea3880b600, 0x00007fea3883da00, 0x00007fea39089600, 0x00007fea39087400,
0x00007fea38846c00, 0x00007fea3883ee00, 0x00007fea39088800, 0x00007fea39088e00,
0x00007fea390e0200, 0x00007fea38842a00, 0x00007fea38843000, 0x00007fea3926b400,
0x00007fea393b9800, 0x00007fea394df000, 0x00007fea38d6b600, 0x00007fea39530400,
0x00007fea395aba00, 0x00007fea395bdc00, 0x00007fea38d28e00, 0x00007fea38ddbc00,
0x00007fea395db200, 0x00007fea38d14200
}

Java Threads: ( => current thread )
  0x00007fea3880b600 JavaThread "main" [_thread_blocked, id=6147, stack(0x000070000abf7000,0x000070000acf7000)]
  0x00007fea3883da00 JavaThread "Reference Handler" daemon [_thread_blocked, id=15875, stack(0x000070000b30c000,0x000070000b40c000)]
  0x00007fea39089600 JavaThread "Finalizer" daemon [_thread_blocked, id=16387, stack(0x000070000b40f000,0x000070000b50f000)]
  0x00007fea39087400 JavaThread "Signal Dispatcher" daemon [_thread_blocked, id=22275, stack(0x000070000b618000,0x000070000b718000)]
  0x00007fea38846c00 JavaThread "Service Thread" daemon [_thread_blocked, id=41731, stack(0x000070000b71b000,0x000070000b81b000)]
  0x00007fea3883ee00 JavaThread "Monitor Deflation Thread" daemon [_thread_blocked, id=41475, stack(0x000070000b81e000,0x000070000b91e000)]
  0x00007fea39088800 JavaThread "C2 CompilerThread0" daemon [_thread_in_native, id=41219, stack(0x000070000b921000,0x000070000ba21000)]
  0x00007fea39088e00 JavaThread "C1 CompilerThread0" daemon [_thread_in_vm, id=40707, stack(0x000070000ba24000,0x000070000bb24000)]
  0x00007fea390e0200 JavaThread "Sweeper thread" daemon [_thread_blocked, id=23555, stack(0x000070000bb27000,0x000070000bc27000)]
  0x00007fea38842a00 JavaThread "Common-Cleaner" daemon [_thread_blocked, id=40195, stack(0x000070000bc2a000,0x000070000bd2a000)]
  0x00007fea38843000 JavaThread "Notification Thread" daemon [_thread_blocked, id=39683, stack(0x000070000be30000,0x000070000bf30000)]
  0x00007fea3926b400 JavaThread "QuantumRenderer-0" daemon [_thread_in_Java, id=39171, stack(0x000070000c036000,0x000070000c136000)]
=>0x00007fea393b9800 JavaThread "InvokeLaterDispatcher" daemon [_thread_in_native, id=39947, stack(0x000070000bd2d000,0x000070000be2d000)]
  0x00007fea394df000 JavaThread "JavaFX Application Thread" [_thread_in_native, id=259, stack(0x00007ff7bbec4000,0x00007ff7bc6c4000)]
  0x00007fea38d6b600 JavaThread "JFXMedia Player EventQueueThread" daemon [_thread_blocked, id=58659, stack(0x000070000c6d1000,0x000070000c7d1000)]
  0x00007fea39530400 JavaThread "Media Resource Disposer" daemon [_thread_blocked, id=96771, stack(0x000070000c95d000,0x000070000ca5d000)]
  0x00007fea395aba00 JavaThread "JavaFX-Launcher" [_thread_blocked, id=125451, stack(0x000070000ca60000,0x000070000cb60000)]
  0x00007fea395bdc00 JavaThread "Timer-0" daemon [_thread_blocked, id=97303, stack(0x000070000cbe6000,0x000070000cce6000)]
  0x00007fea38d28e00 JavaThread "Prism Font Disposer" daemon [_thread_blocked, id=98055, stack(0x000070000cce9000,0x000070000cde9000)]
  0x00007fea38ddbc00 JavaThread "Keep-Alive-Timer" daemon [_thread_blocked, id=123911, stack(0x000070000cdec000,0x000070000ceec000)]
  0x00007fea395db200 JavaThread "Cleaner-0" daemon [_thread_blocked, id=100871, stack(0x000070000cf72000,0x000070000d072000)]
  0x00007fea38d14200 JavaThread "PulseTimer-CVDisplayLink thread" daemon [_thread_in_native, id=102671, stack(0x000070000ceef000,0x000070000cf6f000)]

Other Threads:
  0x00007fea3870a680 VMThread "VM Thread" [stack: 0x000070000b209000,0x000070000b309000] [id=17411]
  0x00007fea3981ac10 WatcherThread [stack: 0x000070000bf33000,0x000070000c033000] [id=24579]
  0x00007fea387072e0 GCTaskThread "GC Thread#0" [stack: 0x000070000acfa000,0x000070000adfa000] [id=12291]
  0x00007fea3873c040 GCTaskThread "GC Thread#1" [stack: 0x000070000c1bc000,0x000070000c2bc000] [id=83715]
  0x00007fea3873c2e0 GCTaskThread "GC Thread#2" [stack: 0x000070000c2bf000,0x000070000c3bf000] [id=83459]
  0x00007fea3873c750 GCTaskThread "GC Thread#3" [stack: 0x000070000c3c2000,0x000070000c4c2000] [id=45315]
  0x00007fea38707980 ConcurrentGCThread "G1 Main Marker" [stack: 0x000070000adfd000,0x000070000aefd000] [id=19459]
  0x00007fea39805dc0 ConcurrentGCThread "G1 Conc#0" [stack: 0x000070000af00000,0x000070000b000000] [id=12803]
  0x00007fea38708340 ConcurrentGCThread "G1 Refine#0" [stack: 0x000070000b003000,0x000070000b103000] [id=18435]
  0x00007fea39807620 ConcurrentGCThread "G1 Service" [stack: 0x000070000b106000,0x000070000b206000] [id=13571]

Threads with active compile tasks:
C2 CompilerThread0     7635 2435 %     4       java.util.Arrays::fill @ 10 (28 bytes)
C1 CompilerThread0     7635 2862       2       javafx.scene.Node::localToParent (15 bytes)

VM state: not at safepoint (normal execution)

VM Mutex/Monitor currently owned by a thread: None

Heap address: 0x0000000780000000, size: 2048 MB, Compressed Oops mode: Zero based, Oop shift amount: 3

CDS archive(s) mapped at: [0x0000000800000000-0x0000000800bd8000-0x0000000800bd8000), size 12419072, SharedBaseAddress: 0x0000000800000000, ArchiveRelocationMode: 0.
Compressed class space mapped at: 0x0000000800c00000-0x0000000840c00000, reserved size: 1073741824
Narrow klass base: 0x0000000800000000, Narrow klass shift: 0, Narrow klass range: 0x100000000

GC Precious Log:
 CPUs: 4 total, 4 available
 Memory: 8192M
 Large Page Support: Disabled
 NUMA Support: Disabled
 Compressed Oops: Enabled (Zero based)
 Heap Region Size: 1M
 Heap Min Capacity: 8M
 Heap Initial Capacity: 128M
 Heap Max Capacity: 2G
 Pre-touch: Disabled
 Parallel Workers: 4
 Concurrent Workers: 1
 Concurrent Refinement Workers: 4
 Periodic GC: Disabled

Heap:
 garbage-first heap   total 133120K, used 57058K [0x0000000780000000, 0x0000000800000000)
  region size 1024K, 24 young (24576K), 6 survivors (6144K)
 Metaspace       used 19534K, committed 19776K, reserved 1073152K
  class space    used 2593K, committed 2688K, reserved 1048576K

Heap Regions: E=young(eden), S=young(survivor), O=old, HS=humongous(starts), HC=humongous(continues), CS=collection set, F=free, OA=open archive, CA=closed archive, TAMS=top-at-mark-start (previous, next)
|   0|0x0000000780000000, 0x0000000780100000, 0x0000000780100000|100%| O|  |TAMS 0x0000000780000000, 0x0000000780000000| Untracked 
|   1|0x0000000780100000, 0x0000000780200000, 0x0000000780200000|100%| O|  |TAMS 0x0000000780100000, 0x0000000780100000| Untracked 
|   2|0x0000000780200000, 0x0000000780300000, 0x0000000780300000|100%| O|  |TAMS 0x0000000780200000, 0x0000000780200000| Untracked 
|   3|0x0000000780300000, 0x00000007803e2e00, 0x0000000780400000| 88%| O|  |TAMS 0x0000000780300000, 0x0000000780300000| Untracked 
|   4|0x0000000780400000, 0x0000000780500000, 0x0000000780500000|100%|HS|  |TAMS 0x0000000780400000, 0x0000000780400000| Complete 
|   5|0x0000000780500000, 0x0000000780600000, 0x0000000780600000|100%|HC|  |TAMS 0x0000000780500000, 0x0000000780500000| Complete 
|   6|0x0000000780600000, 0x0000000780700000, 0x0000000780700000|100%|HC|  |TAMS 0x0000000780600000, 0x0000000780600000| Complete 
|   7|0x0000000780700000, 0x0000000780800000, 0x0000000780800000|100%|HC|  |TAMS 0x0000000780700000, 0x0000000780700000| Complete 
|   8|0x0000000780800000, 0x0000000780900000, 0x0000000780900000|100%|HC|  |TAMS 0x0000000780800000, 0x0000000780800000| Complete 
|   9|0x0000000780900000, 0x0000000780a00000, 0x0000000780a00000|100%|HC|  |TAMS 0x0000000780900000, 0x0000000780900000| Complete 
|  10|0x0000000780a00000, 0x0000000780b00000, 0x0000000780b00000|100%|HC|  |TAMS 0x0000000780a00000, 0x0000000780a00000| Complete 
|  11|0x0000000780b00000, 0x0000000780c00000, 0x0000000780c00000|100%|HC|  |TAMS 0x0000000780b00000, 0x0000000780b00000| Complete 
|  12|0x0000000780c00000, 0x0000000780d00000, 0x0000000780d00000|100%|HC|  |TAMS 0x0000000780c00000, 0x0000000780c00000| Complete 
|  13|0x0000000780d00000, 0x0000000780e00000, 0x0000000780e00000|100%|HC|  |TAMS 0x0000000780d00000, 0x0000000780d00000| Complete 
|  14|0x0000000780e00000, 0x0000000780f00000, 0x0000000780f00000|100%|HC|  |TAMS 0x0000000780e00000, 0x0000000780e00000| Complete 
|  15|0x0000000780f00000, 0x0000000781000000, 0x0000000781000000|100%|HC|  |TAMS 0x0000000780f00000, 0x0000000780f00000| Complete 
|  16|0x0000000781000000, 0x0000000781100000, 0x0000000781100000|100%|HC|  |TAMS 0x0000000781000000, 0x0000000781000000| Complete 
|  17|0x0000000781100000, 0x0000000781200000, 0x0000000781200000|100%|HC|  |TAMS 0x0000000781100000, 0x0000000781100000| Complete 
|  18|0x0000000781200000, 0x0000000781300000, 0x0000000781300000|100%|HC|  |TAMS 0x0000000781200000, 0x0000000781200000| Complete 
|  19|0x0000000781300000, 0x0000000781400000, 0x0000000781400000|100%|HC|  |TAMS 0x0000000781300000, 0x0000000781300000| Complete 
|  20|0x0000000781400000, 0x0000000781500000, 0x0000000781500000|100%|HC|  |TAMS 0x0000000781400000, 0x0000000781400000| Complete 
|  21|0x0000000781500000, 0x0000000781600000, 0x0000000781600000|100%|HC|  |TAMS 0x0000000781500000, 0x0000000781500000| Complete 
|  22|0x0000000781600000, 0x0000000781700000, 0x0000000781700000|100%|HC|  |TAMS 0x0000000781600000, 0x0000000781600000| Complete 
|  23|0x0000000781700000, 0x0000000781800000, 0x0000000781800000|100%|HC|  |TAMS 0x0000000781700000, 0x0000000781700000| Complete 
|  24|0x0000000781800000, 0x0000000781900000, 0x0000000781900000|100%|HC|  |TAMS 0x0000000781800000, 0x0000000781800000| Complete 
|  25|0x0000000781900000, 0x0000000781a00000, 0x0000000781a00000|100%|HC|  |TAMS 0x0000000781900000, 0x0000000781900000| Complete 
|  26|0x0000000781a00000, 0x0000000781b00000, 0x0000000781b00000|100%|HC|  |TAMS 0x0000000781a00000, 0x0000000781a00000| Complete 
|  27|0x0000000781b00000, 0x0000000781c00000, 0x0000000781c00000|100%|HC|  |TAMS 0x0000000781b00000, 0x0000000781b00000| Complete 
|  28|0x0000000781c00000, 0x0000000781d00000, 0x0000000781d00000|100%|HC|  |TAMS 0x0000000781c00000, 0x0000000781c00000| Complete 
|  29|0x0000000781d00000, 0x0000000781e00000, 0x0000000781e00000|100%|HC|  |TAMS 0x0000000781d00000, 0x0000000781d00000| Complete 
|  30|0x0000000781e00000, 0x0000000781f00000, 0x0000000781f00000|100%|HS|  |TAMS 0x0000000781e00000, 0x0000000781e00000| Complete 
|  31|0x0000000781f00000, 0x0000000782000000, 0x0000000782000000|100%|HC|  |TAMS 0x0000000781f00000, 0x0000000781f00000| Complete 
|  32|0x0000000782000000, 0x0000000782000000, 0x0000000782100000|  0%| F|  |TAMS 0x0000000782000000, 0x0000000782000000| Untracked 
|  33|0x0000000782100000, 0x0000000782100000, 0x0000000782200000|  0%| F|  |TAMS 0x0000000782100000, 0x0000000782100000| Untracked 
|  34|0x0000000782200000, 0x0000000782200000, 0x0000000782300000|  0%| F|  |TAMS 0x0000000782200000, 0x0000000782200000| Untracked 
|  35|0x0000000782300000, 0x0000000782300000, 0x0000000782400000|  0%| F|  |TAMS 0x0000000782300000, 0x0000000782300000| Untracked 
|  36|0x0000000782400000, 0x0000000782400000, 0x0000000782500000|  0%| F|  |TAMS 0x0000000782400000, 0x0000000782400000| Untracked 
|  37|0x0000000782500000, 0x0000000782500000, 0x0000000782600000|  0%| F|  |TAMS 0x0000000782500000, 0x0000000782500000| Untracked 
|  38|0x0000000782600000, 0x0000000782600000, 0x0000000782700000|  0%| F|  |TAMS 0x0000000782600000, 0x0000000782600000| Untracked 
|  39|0x0000000782700000, 0x0000000782700000, 0x0000000782800000|  0%| F|  |TAMS 0x0000000782700000, 0x0000000782700000| Untracked 
|  40|0x0000000782800000, 0x0000000782800000, 0x0000000782900000|  0%| F|  |TAMS 0x0000000782800000, 0x0000000782800000| Untracked 
|  41|0x0000000782900000, 0x0000000782900000, 0x0000000782a00000|  0%| F|  |TAMS 0x0000000782900000, 0x0000000782900000| Untracked 
|  42|0x0000000782a00000, 0x0000000782a00000, 0x0000000782b00000|  0%| F|  |TAMS 0x0000000782a00000, 0x0000000782a00000| Untracked 
|  43|0x0000000782b00000, 0x0000000782b00000, 0x0000000782c00000|  0%| F|  |TAMS 0x0000000782b00000, 0x0000000782b00000| Untracked 
|  44|0x0000000782c00000, 0x0000000782c00000, 0x0000000782d00000|  0%| F|  |TAMS 0x0000000782c00000, 0x0000000782c00000| Untracked 
|  45|0x0000000782d00000, 0x0000000782d00000, 0x0000000782e00000|  0%| F|  |TAMS 0x0000000782d00000, 0x0000000782d00000| Untracked 
|  46|0x0000000782e00000, 0x0000000782ee0c60, 0x0000000782f00000| 87%| S|CS|TAMS 0x0000000782e00000, 0x0000000782e00000| Complete 
|  47|0x0000000782f00000, 0x0000000783000000, 0x0000000783000000|100%| S|CS|TAMS 0x0000000782f00000, 0x0000000782f00000| Complete 
|  48|0x0000000783000000, 0x0000000783100000, 0x0000000783100000|100%| S|CS|TAMS 0x0000000783000000, 0x0000000783000000| Complete 
|  49|0x0000000783100000, 0x0000000783200000, 0x0000000783200000|100%| S|CS|TAMS 0x0000000783100000, 0x0000000783100000| Complete 
|  50|0x0000000783200000, 0x0000000783300000, 0x0000000783300000|100%| S|CS|TAMS 0x0000000783200000, 0x0000000783200000| Complete 
|  51|0x0000000783300000, 0x0000000783400000, 0x0000000783400000|100%| S|CS|TAMS 0x0000000783300000, 0x0000000783300000| Complete 
|  52|0x0000000783400000, 0x0000000783400000, 0x0000000783500000|  0%| F|  |TAMS 0x0000000783400000, 0x0000000783400000| Untracked 
|  53|0x0000000783500000, 0x0000000783500000, 0x0000000783600000|  0%| F|  |TAMS 0x0000000783500000, 0x0000000783500000| Untracked 
|  54|0x0000000783600000, 0x0000000783600000, 0x0000000783700000|  0%| F|  |TAMS 0x0000000783600000, 0x0000000783600000| Untracked 
|  55|0x0000000783700000, 0x0000000783700000, 0x0000000783800000|  0%| F|  |TAMS 0x0000000783700000, 0x0000000783700000| Untracked 
|  56|0x0000000783800000, 0x0000000783800000, 0x0000000783900000|  0%| F|  |TAMS 0x0000000783800000, 0x0000000783800000| Untracked 
|  57|0x0000000783900000, 0x0000000783900000, 0x0000000783a00000|  0%| F|  |TAMS 0x0000000783900000, 0x0000000783900000| Untracked 
|  58|0x0000000783a00000, 0x0000000783a00000, 0x0000000783b00000|  0%| F|  |TAMS 0x0000000783a00000, 0x0000000783a00000| Untracked 
|  59|0x0000000783b00000, 0x0000000783b00000, 0x0000000783c00000|  0%| F|  |TAMS 0x0000000783b00000, 0x0000000783b00000| Untracked 
|  60|0x0000000783c00000, 0x0000000783c00000, 0x0000000783d00000|  0%| F|  |TAMS 0x0000000783c00000, 0x0000000783c00000| Untracked 
|  61|0x0000000783d00000, 0x0000000783d00000, 0x0000000783e00000|  0%| F|  |TAMS 0x0000000783d00000, 0x0000000783d00000| Untracked 
|  62|0x0000000783e00000, 0x0000000783e00000, 0x0000000783f00000|  0%| F|  |TAMS 0x0000000783e00000, 0x0000000783e00000| Untracked 
|  63|0x0000000783f00000, 0x0000000783f00000, 0x0000000784000000|  0%| F|  |TAMS 0x0000000783f00000, 0x0000000783f00000| Untracked 
|  64|0x0000000784000000, 0x0000000784000000, 0x0000000784100000|  0%| F|  |TAMS 0x0000000784000000, 0x0000000784000000| Untracked 
|  65|0x0000000784100000, 0x0000000784100000, 0x0000000784200000|  0%| F|  |TAMS 0x0000000784100000, 0x0000000784100000| Untracked 
|  66|0x0000000784200000, 0x0000000784200000, 0x0000000784300000|  0%| F|  |TAMS 0x0000000784200000, 0x0000000784200000| Untracked 
|  67|0x0000000784300000, 0x0000000784300000, 0x0000000784400000|  0%| F|  |TAMS 0x0000000784300000, 0x0000000784300000| Untracked 
|  68|0x0000000784400000, 0x0000000784400000, 0x0000000784500000|  0%| F|  |TAMS 0x0000000784400000, 0x0000000784400000| Untracked 
|  69|0x0000000784500000, 0x0000000784500000, 0x0000000784600000|  0%| F|  |TAMS 0x0000000784500000, 0x0000000784500000| Untracked 
|  70|0x0000000784600000, 0x0000000784600000, 0x0000000784700000|  0%| F|  |TAMS 0x0000000784600000, 0x0000000784600000| Untracked 
|  71|0x0000000784700000, 0x0000000784700000, 0x0000000784800000|  0%| F|  |TAMS 0x0000000784700000, 0x0000000784700000| Untracked 
|  72|0x0000000784800000, 0x0000000784800000, 0x0000000784900000|  0%| F|  |TAMS 0x0000000784800000, 0x0000000784800000| Untracked 
|  73|0x0000000784900000, 0x0000000784900000, 0x0000000784a00000|  0%| F|  |TAMS 0x0000000784900000, 0x0000000784900000| Untracked 
|  74|0x0000000784a00000, 0x0000000784a00000, 0x0000000784b00000|  0%| F|  |TAMS 0x0000000784a00000, 0x0000000784a00000| Untracked 
|  75|0x0000000784b00000, 0x0000000784b00000, 0x0000000784c00000|  0%| F|  |TAMS 0x0000000784b00000, 0x0000000784b00000| Untracked 
|  76|0x0000000784c00000, 0x0000000784c00000, 0x0000000784d00000|  0%| F|  |TAMS 0x0000000784c00000, 0x0000000784c00000| Untracked 
|  77|0x0000000784d00000, 0x0000000784d00000, 0x0000000784e00000|  0%| F|  |TAMS 0x0000000784d00000, 0x0000000784d00000| Untracked 
|  78|0x0000000784e00000, 0x0000000784e00000, 0x0000000784f00000|  0%| F|  |TAMS 0x0000000784e00000, 0x0000000784e00000| Untracked 
|  79|0x0000000784f00000, 0x0000000784f00000, 0x0000000785000000|  0%| F|  |TAMS 0x0000000784f00000, 0x0000000784f00000| Untracked 
|  80|0x0000000785000000, 0x0000000785000000, 0x0000000785100000|  0%| F|  |TAMS 0x0000000785000000, 0x0000000785000000| Untracked 
|  81|0x0000000785100000, 0x0000000785100000, 0x0000000785200000|  0%| F|  |TAMS 0x0000000785100000, 0x0000000785100000| Untracked 
|  82|0x0000000785200000, 0x0000000785200000, 0x0000000785300000|  0%| F|  |TAMS 0x0000000785200000, 0x0000000785200000| Untracked 
|  83|0x0000000785300000, 0x0000000785300000, 0x0000000785400000|  0%| F|  |TAMS 0x0000000785300000, 0x0000000785300000| Untracked 
|  84|0x0000000785400000, 0x0000000785400000, 0x0000000785500000|  0%| F|  |TAMS 0x0000000785400000, 0x0000000785400000| Untracked 
|  85|0x0000000785500000, 0x0000000785500000, 0x0000000785600000|  0%| F|  |TAMS 0x0000000785500000, 0x0000000785500000| Untracked 
|  86|0x0000000785600000, 0x0000000785600000, 0x0000000785700000|  0%| F|  |TAMS 0x0000000785600000, 0x0000000785600000| Untracked 
|  87|0x0000000785700000, 0x0000000785700000, 0x0000000785800000|  0%| F|  |TAMS 0x0000000785700000, 0x0000000785700000| Untracked 
|  88|0x0000000785800000, 0x0000000785800000, 0x0000000785900000|  0%| F|  |TAMS 0x0000000785800000, 0x0000000785800000| Untracked 
|  89|0x0000000785900000, 0x0000000785900000, 0x0000000785a00000|  0%| F|  |TAMS 0x0000000785900000, 0x0000000785900000| Untracked 
|  90|0x0000000785a00000, 0x0000000785a00000, 0x0000000785b00000|  0%| F|  |TAMS 0x0000000785a00000, 0x0000000785a00000| Untracked 
|  91|0x0000000785b00000, 0x0000000785b00000, 0x0000000785c00000|  0%| F|  |TAMS 0x0000000785b00000, 0x0000000785b00000| Untracked 
|  92|0x0000000785c00000, 0x0000000785c00000, 0x0000000785d00000|  0%| F|  |TAMS 0x0000000785c00000, 0x0000000785c00000| Untracked 
|  93|0x0000000785d00000, 0x0000000785d00000, 0x0000000785e00000|  0%| F|  |TAMS 0x0000000785d00000, 0x0000000785d00000| Untracked 
|  94|0x0000000785e00000, 0x0000000785e00000, 0x0000000785f00000|  0%| F|  |TAMS 0x0000000785e00000, 0x0000000785e00000| Untracked 
|  95|0x0000000785f00000, 0x0000000785f00000, 0x0000000786000000|  0%| F|  |TAMS 0x0000000785f00000, 0x0000000785f00000| Untracked 
|  96|0x0000000786000000, 0x0000000786000000, 0x0000000786100000|  0%| F|  |TAMS 0x0000000786000000, 0x0000000786000000| Untracked 
|  97|0x0000000786100000, 0x0000000786100000, 0x0000000786200000|  0%| F|  |TAMS 0x0000000786100000, 0x0000000786100000| Untracked 
|  98|0x0000000786200000, 0x0000000786200000, 0x0000000786300000|  0%| F|  |TAMS 0x0000000786200000, 0x0000000786200000| Untracked 
|  99|0x0000000786300000, 0x0000000786300000, 0x0000000786400000|  0%| F|  |TAMS 0x0000000786300000, 0x0000000786300000| Untracked 
| 100|0x0000000786400000, 0x0000000786400000, 0x0000000786500000|  0%| F|  |TAMS 0x0000000786400000, 0x0000000786400000| Untracked 
| 101|0x0000000786500000, 0x0000000786500000, 0x0000000786600000|  0%| F|  |TAMS 0x0000000786500000, 0x0000000786500000| Untracked 
| 102|0x0000000786600000, 0x0000000786600000, 0x0000000786700000|  0%| F|  |TAMS 0x0000000786600000, 0x0000000786600000| Untracked 
| 103|0x0000000786700000, 0x0000000786700000, 0x0000000786800000|  0%| F|  |TAMS 0x0000000786700000, 0x0000000786700000| Untracked 
| 104|0x0000000786800000, 0x0000000786800000, 0x0000000786900000|  0%| F|  |TAMS 0x0000000786800000, 0x0000000786800000| Untracked 
| 105|0x0000000786900000, 0x0000000786900000, 0x0000000786a00000|  0%| F|  |TAMS 0x0000000786900000, 0x0000000786900000| Untracked 
| 106|0x0000000786a00000, 0x0000000786a00000, 0x0000000786b00000|  0%| F|  |TAMS 0x0000000786a00000, 0x0000000786a00000| Untracked 
| 107|0x0000000786b00000, 0x0000000786b00000, 0x0000000786c00000|  0%| F|  |TAMS 0x0000000786b00000, 0x0000000786b00000| Untracked 
| 108|0x0000000786c00000, 0x0000000786c00000, 0x0000000786d00000|  0%| F|  |TAMS 0x0000000786c00000, 0x0000000786c00000| Untracked 
| 109|0x0000000786d00000, 0x0000000786d00000, 0x0000000786e00000|  0%| F|  |TAMS 0x0000000786d00000, 0x0000000786d00000| Untracked 
| 110|0x0000000786e00000, 0x0000000786e411a0, 0x0000000786f00000| 25%| E|  |TAMS 0x0000000786e00000, 0x0000000786e00000| Complete 
| 111|0x0000000786f00000, 0x0000000787000000, 0x0000000787000000|100%| E|CS|TAMS 0x0000000786f00000, 0x0000000786f00000| Complete 
| 112|0x0000000787000000, 0x0000000787100000, 0x0000000787100000|100%| E|CS|TAMS 0x0000000787000000, 0x0000000787000000| Complete 
| 113|0x0000000787100000, 0x0000000787200000, 0x0000000787200000|100%| E|CS|TAMS 0x0000000787100000, 0x0000000787100000| Complete 
| 114|0x0000000787200000, 0x0000000787300000, 0x0000000787300000|100%| E|CS|TAMS 0x0000000787200000, 0x0000000787200000| Complete 
| 115|0x0000000787300000, 0x0000000787400000, 0x0000000787400000|100%| E|CS|TAMS 0x0000000787300000, 0x0000000787300000| Complete 
| 116|0x0000000787400000, 0x0000000787500000, 0x0000000787500000|100%| E|CS|TAMS 0x0000000787400000, 0x0000000787400000| Complete 
| 117|0x0000000787500000, 0x0000000787600000, 0x0000000787600000|100%| E|CS|TAMS 0x0000000787500000, 0x0000000787500000| Complete 
| 118|0x0000000787600000, 0x0000000787700000, 0x0000000787700000|100%| E|CS|TAMS 0x0000000787600000, 0x0000000787600000| Complete 
| 119|0x0000000787700000, 0x0000000787800000, 0x0000000787800000|100%| E|CS|TAMS 0x0000000787700000, 0x0000000787700000| Complete 
| 120|0x0000000787800000, 0x0000000787900000, 0x0000000787900000|100%| E|CS|TAMS 0x0000000787800000, 0x0000000787800000| Complete 
| 121|0x0000000787900000, 0x0000000787a00000, 0x0000000787a00000|100%| E|CS|TAMS 0x0000000787900000, 0x0000000787900000| Complete 
| 122|0x0000000787a00000, 0x0000000787b00000, 0x0000000787b00000|100%| E|CS|TAMS 0x0000000787a00000, 0x0000000787a00000| Complete 
| 123|0x0000000787b00000, 0x0000000787c00000, 0x0000000787c00000|100%| E|CS|TAMS 0x0000000787b00000, 0x0000000787b00000| Complete 
| 124|0x0000000787c00000, 0x0000000787d00000, 0x0000000787d00000|100%| E|CS|TAMS 0x0000000787c00000, 0x0000000787c00000| Complete 
| 125|0x0000000787d00000, 0x0000000787e00000, 0x0000000787e00000|100%| E|CS|TAMS 0x0000000787d00000, 0x0000000787d00000| Complete 
| 126|0x0000000787e00000, 0x0000000787f00000, 0x0000000787f00000|100%| E|CS|TAMS 0x0000000787e00000, 0x0000000787e00000| Complete 
| 127|0x0000000787f00000, 0x0000000788000000, 0x0000000788000000|100%| E|CS|TAMS 0x0000000787f00000, 0x0000000787f00000| Complete 
|2046|0x00000007ffe00000, 0x00000007ffe76000, 0x00000007fff00000| 46%|OA|  |TAMS 0x00000007ffe00000, 0x00000007ffe00000| Untracked 
|2047|0x00000007fff00000, 0x00000007fff7f000, 0x0000000800000000| 49%|CA|  |TAMS 0x00000007fff00000, 0x00000007fff00000| Untracked 

Card table byte_map: [0x0000000104018000,0x0000000104418000] _byte_map_base: 0x0000000100418000

Marking Bits (Prev, Next): (CMBitMap*) 0x00007fea3902de10, (CMBitMap*) 0x00007fea3902de50
 Prev Bits: [0x000000011dd35000, 0x000000011fd35000)
 Next Bits: [0x000000011fd35000, 0x0000000121d35000)

Polling page: 0x0000000103963000

Metaspace:

Usage:
  Non-class:     16,55 MB used.
      Class:      2,53 MB used.
       Both:     19,08 MB used.

Virtual space:
  Non-class space:       24,00 MB reserved,      16,69 MB ( 70%) committed,  3 nodes.
      Class space:        1,00 GB reserved,       2,62 MB ( <1%) committed,  1 nodes.
             Both:        1,02 GB reserved,      19,31 MB (  2%) committed. 

Chunk freelists:
   Non-Class:  2,39 MB
       Class:  1,20 MB
        Both:  3,59 MB

MaxMetaspaceSize: unlimited
CompressedClassSpaceSize: 1,00 GB
Initial GC threshold: 21,00 MB
Current GC threshold: 21,00 MB
CDS: on
MetaspaceReclaimPolicy: balanced
 - commit_granule_bytes: 65536.
 - commit_granule_words: 8192.
 - virtual_space_node_default_size: 1048576.
 - enlarge_chunks_in_place: 1.
 - new_chunks_are_fully_committed: 0.
 - uncommit_free_chunks: 1.
 - use_allocation_guard: 0.
 - handle_deallocations: 1.


Internal statistics:

num_allocs_failed_limit: 0.
num_arena_births: 214.
num_arena_deaths: 0.
num_vsnodes_births: 4.
num_vsnodes_deaths: 0.
num_space_committed: 309.
num_space_uncommitted: 0.
num_chunks_returned_to_freelist: 0.
num_chunks_taken_from_freelist: 701.
num_chunk_merges: 0.
num_chunk_splits: 478.
num_chunks_enlarged: 371.
num_purges: 0.
num_inconsistent_stats: 0.

CodeHeap 'non-profiled nmethods': size=120032Kb used=1056Kb max_used=1056Kb free=118975Kb
 bounds [0x00000001167fd000, 0x0000000116a6d000, 0x000000011dd35000]
CodeHeap 'profiled nmethods': size=120028Kb used=4657Kb max_used=4657Kb free=115370Kb
 bounds [0x000000010f2c6000, 0x000000010f756000, 0x00000001167fd000]
CodeHeap 'non-nmethods': size=5700Kb used=1464Kb max_used=1499Kb free=4235Kb
 bounds [0x000000010ed35000, 0x000000010efa5000, 0x000000010f2c6000]
 total_blobs=3644 nmethods=2803 adapters=753
 compilation: enabled
              stopped_count=0, restarted_count=0
 full_count=0

Compilation events (20 events):
Event: 7,557 Thread 0x00007fea39088e00 nmethod 2845 0x000000010f74bf10 code [0x000000010f74c0a0, 0x000000010f74c1d0]
Event: 7,558 Thread 0x00007fea39088e00 2846       2       com.sun.prism.impl.ps.BaseShaderGraphics::setPaint (47 bytes)
Event: 7,558 Thread 0x00007fea39088e00 nmethod 2846 0x000000010f74c290 code [0x000000010f74c460, 0x000000010f74c6f0]
Event: 7,558 Thread 0x00007fea39088e00 2847       2       com.sun.prism.impl.BaseGraphics::setPaint (10 bytes)
Event: 7,558 Thread 0x00007fea39088e00 nmethod 2847 0x000000010f74c890 code [0x000000010f74ca40, 0x000000010f74cba0]
Event: 7,559 Thread 0x00007fea39088e00 2848       2       com.sun.prism.impl.ps.BaseShaderContext::validatePaintOp (321 bytes)
Event: 7,560 Thread 0x00007fea39088e00 nmethod 2848 0x000000010f74cc90 code [0x000000010f74cf60, 0x000000010f74d920]
Event: 7,560 Thread 0x00007fea39088e00 2849       2       com.sun.prism.impl.ps.BaseShaderContext::getPaintShader (194 bytes)
Event: 7,563 Thread 0x00007fea39088e00 nmethod 2849 0x000000010f74e190 code [0x000000010f74e440, 0x000000010f74ed20]
Event: 7,563 Thread 0x00007fea39088e00 2850       2       com.sun.prism.es2.ES2Context::updateShaderTransform (160 bytes)
Event: 7,563 Thread 0x00007fea39088e00 nmethod 2850 0x000000010f74f510 code [0x000000010f74f780, 0x000000010f74fc20]
Event: 7,563 Thread 0x00007fea39088e00 2851       1       com.sun.prism.impl.packrect.RectanglePacker::getBackingStore (5 bytes)
Event: 7,563 Thread 0x00007fea39088e00 nmethod 2851 0x0000000116903110 code [0x00000001169032a0, 0x0000000116903370]
Event: 7,576 Thread 0x00007fea39088e00 2852       2       jdk.internal.misc.Unsafe::checkSize (32 bytes)
Event: 7,576 Thread 0x00007fea39088e00 nmethod 2852 0x000000010f74ff90 code [0x000000010f750140, 0x000000010f750300]
Event: 7,579 Thread 0x00007fea39088e00 2853       2       com.sun.prism.impl.ManagedResource::_isgone (42 bytes)
Event: 7,580 Thread 0x00007fea39088e00 nmethod 2853 0x000000010f750410 code [0x000000010f7505c0, 0x000000010f750820]
Event: 7,580 Thread 0x00007fea39088e00 2854       1       com.sun.javafx.sg.prism.NGRegion::updateFillCorners (6 bytes)
Event: 7,582 Thread 0x00007fea39088e00 nmethod 2854 0x0000000116903410 code [0x00000001169035a0, 0x00000001169036b0]
Event: 7,582 Thread 0x00007fea39088e00 2855       1       com.sun.javafx.sg.prism.NGRegion::updateStrokeCorners (6 bytes)

GC Heap History (8 events):
Event: 1,574 GC heap before
{Heap before GC invocations=0 (full 0):
 garbage-first heap   total 133120K, used 14292K [0x0000000780000000, 0x0000000800000000)
  region size 1024K, 13 young (13312K), 0 survivors (0K)
 Metaspace       used 3194K, committed 3392K, reserved 1056768K
  class space    used 361K, committed 448K, reserved 1048576K
}
Event: 1,578 GC heap after
{Heap after GC invocations=1 (full 0):
 garbage-first heap   total 133120K, used 2484K [0x0000000780000000, 0x0000000800000000)
  region size 1024K, 2 young (2048K), 2 survivors (2048K)
 Metaspace       used 3194K, committed 3392K, reserved 1056768K
  class space    used 361K, committed 448K, reserved 1048576K
}
Event: 2,741 GC heap before
{Heap before GC invocations=1 (full 0):
 garbage-first heap   total 133120K, used 26036K [0x0000000780000000, 0x0000000800000000)
  region size 1024K, 25 young (25600K), 2 survivors (2048K)
 Metaspace       used 7561K, committed 7744K, reserved 1064960K
  class space    used 1021K, committed 1152K, reserved 1048576K
}
Event: 2,764 GC heap after
{Heap after GC invocations=2 (full 0):
 garbage-first heap   total 133120K, used 5131K [0x0000000780000000, 0x0000000800000000)
  region size 1024K, 4 young (4096K), 4 survivors (4096K)
 Metaspace       used 7561K, committed 7744K, reserved 1064960K
  class space    used 1021K, committed 1152K, reserved 1048576K
}
Event: 4,056 GC heap before
{Heap before GC invocations=2 (full 0):
 garbage-first heap   total 133120K, used 33803K [0x0000000780000000, 0x0000000800000000)
  region size 1024K, 33 young (33792K), 4 survivors (4096K)
 Metaspace       used 15045K, committed 15232K, reserved 1064960K
  class space    used 1973K, committed 2048K, reserved 1048576K
}
Event: 4,075 GC heap after
{Heap after GC invocations=3 (full 0):
 garbage-first heap   total 133120K, used 9651K [0x0000000780000000, 0x0000000800000000)
  region size 1024K, 5 young (5120K), 5 survivors (5120K)
 Metaspace       used 15045K, committed 15232K, reserved 1064960K
  class space    used 1973K, committed 2048K, reserved 1048576K
}
Event: 6,870 GC heap before
{Heap before GC invocations=3 (full 0):
 garbage-first heap   total 133120K, used 111027K [0x0000000780000000, 0x0000000800000000)
  region size 1024K, 76 young (77824K), 5 survivors (5120K)
 Metaspace       used 18826K, committed 19072K, reserved 1073152K
  class space    used 2527K, committed 2624K, reserved 1048576K
}
Event: 6,877 GC heap after
{Heap after GC invocations=4 (full 0):
 garbage-first heap   total 133120K, used 39650K [0x0000000780000000, 0x0000000800000000)
  region size 1024K, 6 young (6144K), 6 survivors (6144K)
 Metaspace       used 18826K, committed 19072K, reserved 1073152K
  class space    used 2527K, committed 2624K, reserved 1048576K
}

Deoptimization events (20 events):
Event: 7,516 Thread 0x00007fea3926b400 DEOPT PACKING pc=0x000000010f73b995 sp=0x000070000c134270
Event: 7,516 Thread 0x00007fea3926b400 DEOPT UNPACKING pc=0x000000010ed8782f sp=0x000070000c1336f8 mode 0
Event: 7,516 Thread 0x00007fea3926b400 DEOPT PACKING pc=0x000000010f73b995 sp=0x000070000c134270
Event: 7,516 Thread 0x00007fea3926b400 DEOPT UNPACKING pc=0x000000010ed8782f sp=0x000070000c1336f8 mode 0
Event: 7,516 Thread 0x00007fea3926b400 DEOPT PACKING pc=0x000000010f73b995 sp=0x000070000c134270
Event: 7,516 Thread 0x00007fea3926b400 DEOPT UNPACKING pc=0x000000010ed8782f sp=0x000070000c1336f8 mode 0
Event: 7,517 Thread 0x00007fea3926b400 DEOPT PACKING pc=0x000000010f73b995 sp=0x000070000c134270
Event: 7,517 Thread 0x00007fea3926b400 DEOPT UNPACKING pc=0x000000010ed8782f sp=0x000070000c1336f8 mode 0
Event: 7,519 Thread 0x00007fea3926b400 DEOPT PACKING pc=0x000000010f73b995 sp=0x000070000c134330
Event: 7,519 Thread 0x00007fea3926b400 DEOPT UNPACKING pc=0x000000010ed8782f sp=0x000070000c1337b8 mode 0
Event: 7,519 Thread 0x00007fea3926b400 DEOPT PACKING pc=0x000000010f73b995 sp=0x000070000c134330
Event: 7,519 Thread 0x00007fea3926b400 DEOPT UNPACKING pc=0x000000010ed8782f sp=0x000070000c1337b8 mode 0
Event: 7,519 Thread 0x00007fea3926b400 DEOPT PACKING pc=0x000000010f73b995 sp=0x000070000c134330
Event: 7,519 Thread 0x00007fea3926b400 DEOPT UNPACKING pc=0x000000010ed8782f sp=0x000070000c1337b8 mode 0
Event: 7,519 Thread 0x00007fea3926b400 DEOPT PACKING pc=0x000000010f73b995 sp=0x000070000c134330
Event: 7,519 Thread 0x00007fea3926b400 DEOPT UNPACKING pc=0x000000010ed8782f sp=0x000070000c1337b8 mode 0
Event: 7,520 Thread 0x00007fea3926b400 DEOPT PACKING pc=0x000000010f73b995 sp=0x000070000c134330
Event: 7,520 Thread 0x00007fea3926b400 DEOPT UNPACKING pc=0x000000010ed8782f sp=0x000070000c1337b8 mode 0
Event: 7,520 Thread 0x00007fea3926b400 DEOPT PACKING pc=0x000000010f73b995 sp=0x000070000c134330
Event: 7,520 Thread 0x00007fea3926b400 DEOPT UNPACKING pc=0x000000010ed8782f sp=0x000070000c1337b8 mode 0

Classes unloaded (0 events):
No events

Classes redefined (0 events):
No events

Internal exceptions (20 events):
Event: 3,560 Thread 0x00007fea394df000 Exception <a 'java/lang/NoSuchMethodError'{0x0000000786f306b8}: 'int java.lang.invoke.DirectMethodHandle$Holder.invokeStaticInit(java.lang.Object, java.lang.Object)'> (0x0000000786f306b8) 
thrown [open/src/hotspot/share/interpreter/linkResolver.cpp, line 766]
Event: 3,727 Thread 0x00007fea394df000 Exception <a 'java/lang/ClassNotFoundException'{0x0000000786aeab98}: jdk/net/ExtendedSocketOptions> (0x0000000786aeab98) 
thrown [open/src/hotspot/share/classfile/systemDictionary.cpp, line 256]
Event: 4,663 Thread 0x00007fea394df000 Exception <a 'java/io/FileNotFoundException'{0x0000000786c5ce48}> (0x0000000786c5ce48) 
thrown [open/src/hotspot/share/prims/jni.cpp, line 516]
Event: 5,304 Thread 0x00007fea394df000 Exception <a 'sun/nio/fs/UnixException'{0x0000000786c79518}> (0x0000000786c79518) 
thrown [open/src/hotspot/share/prims/jni.cpp, line 516]
Event: 5,344 Thread 0x00007fea394df000 Exception <a 'java/lang/NoSuchMethodError'{0x000000078597c608}: 'java.lang.Object java.lang.invoke.DirectMethodHandle$Holder.invokeInterface(java.lang.Object, java.lang.Object, java.lang.Object)'> (0x000000078597c608) 
thrown [open/src/hotspot/share/interpreter/linkResolver.cpp, line 766]
Event: 5,344 Thread 0x00007fea394df000 Exception <a 'java/lang/IncompatibleClassChangeError'{0x000000078597ff90}: Found class java.lang.Object, but interface was expected> (0x000000078597ff90) 
thrown [open/src/hotspot/share/interpreter/linkResolver.cpp, line 833]
Event: 5,506 Thread 0x00007fea394df000 Exception <a 'java/lang/NoSuchMethodError'{0x00000007855d2f78}: 'java.lang.Object java.lang.invoke.DirectMethodHandle$Holder.newInvokeSpecial(java.lang.Object, java.lang.Object, int)'> (0x00000007855d2f78) 
thrown [open/src/hotspot/share/interpreter/linkResolver.cpp, line 766]
Event: 6,880 Thread 0x00007fea394df000 Exception <a 'java/lang/NoSuchMethodError'{0x0000000787f9bd68}: 'long java.lang.invoke.DirectMethodHandle$Holder.invokeStatic(java.lang.Object, java.lang.Object, java.lang.Object)'> (0x0000000787f9bd68) 
thrown [open/src/hotspot/share/interpreter/linkResolver.cpp, line 766]
Event: 6,881 Thread 0x00007fea394df000 Exception <a 'java/lang/NoSuchMethodError'{0x0000000787f9f510}: 'long java.lang.invoke.DirectMethodHandle$Holder.invokeStaticInit(java.lang.Object, java.lang.Object, java.lang.Object)'> (0x0000000787f9f510) 
thrown [open/src/hotspot/share/interpreter/linkResolver.cpp, line 766]
Event: 6,885 Thread 0x00007fea394df000 Exception <a 'java/lang/NoSuchMethodError'{0x0000000787fb7118}: 'java.lang.Object java.lang.invoke.DirectMethodHandle$Holder.newInvokeSpecial(java.lang.Object, java.lang.Object, long)'> (0x0000000787fb7118) 
thrown [open/src/hotspot/share/interpreter/linkResolver.cpp, line 766]
Event: 6,886 Thread 0x00007fea394df000 Exception <a 'java/lang/NoSuchMethodError'{0x0000000787fba9e0}: 'java.lang.Object java.lang.invoke.Invokers$Holder.linkToTargetMethod(java.lang.Object, long, java.lang.Object)'> (0x0000000787fba9e0) 
thrown [open/src/hotspot/share/interpreter/linkResolver.cpp, line 766]
Event: 6,903 Thread 0x00007fea394df000 Exception <a 'java/lang/NoSuchMethodError'{0x0000000787fed8e0}: 'java.lang.Object java.lang.invoke.DirectMethodHandle$Holder.newInvokeSpecial(java.lang.Object, java.lang.Object, long, int, int, int)'> (0x0000000787fed8e0) 
thrown [open/src/hotspot/share/interpreter/linkResolver.cpp, line 766]
Event: 6,981 Thread 0x00007fea394df000 Exception <a 'java/lang/NoSuchMethodError'{0x0000000787d44af8}: 'java.lang.Object java.lang.invoke.DirectMethodHandle$Holder.newInvokeSpecial(java.lang.Object, java.lang.Object, int, java.lang.Object, long, int, int, int, int)'> (0x0000000787d44af8) 
thrown [open/src/hotspot/share/interpreter/linkResolver.cpp, line 766]
Event: 7,010 Thread 0x00007fea394df000 Exception <a 'java/lang/NoSuchMethodError'{0x0000000787db0d08}: 'java.lang.Object java.lang.invoke.DirectMethodHandle$Holder.newInvokeSpecial(java.lang.Object, java.lang.Object, int, int, int, int, int, java.lang.Object)'> (0x0000000787db0d08) 
thrown [open/src/hotspot/share/interpreter/linkResolver.cpp, line 766]
Event: 7,015 Thread 0x00007fea394df000 Exception <a 'java/lang/NoSuchMethodError'{0x0000000787b2fa90}: 'java.lang.Object java.lang.invoke.DirectMethodHandle$Holder.newInvokeSpecial(java.lang.Object, java.lang.Object, java.lang.Object, int, int, int, int, int)'> (0x0000000787b2fa90) 
thrown [open/src/hotspot/share/interpreter/linkResolver.cpp, line 766]
Event: 7,016 Thread 0x00007fea394df000 Exception <a 'java/lang/NoSuchMethodError'{0x0000000787b372f0}: 'java.lang.Object java.lang.invoke.Invokers$Holder.linkToTargetMethod(java.lang.Object, java.lang.Object, int, int, int, int, int, java.lang.Object)'> (0x0000000787b372f0) 
thrown [open/src/hotspot/share/interpreter/linkResolver.cpp, line 766]
Event: 7,033 Thread 0x00007fea394df000 Exception <a 'java/io/FileNotFoundException'{0x0000000787b716d0}> (0x0000000787b716d0) 
thrown [open/src/hotspot/share/prims/jni.cpp, line 516]
Event: 7,038 Thread 0x00007fea394df000 Exception <a 'java/io/FileNotFoundException'{0x0000000787b982e8}> (0x0000000787b982e8) 
thrown [open/src/hotspot/share/prims/jni.cpp, line 516]
Event: 7,354 Thread 0x00007fea394df000 Exception <a 'java/io/FileNotFoundException'{0x000000078754bad0}> (0x000000078754bad0) 
thrown [open/src/hotspot/share/prims/jni.cpp, line 516]
Event: 7,355 Thread 0x00007fea394df000 Exception <a 'java/io/FileNotFoundException'{0x0000000787572528}> (0x0000000787572528) 
thrown [open/src/hotspot/share/prims/jni.cpp, line 516]

VM Operations (20 events):
Event: 3,714 Executing VM operation: HandshakeAllThreads
Event: 3,714 Executing VM operation: HandshakeAllThreads done
Event: 3,871 Executing VM operation: ICBufferFull
Event: 3,871 Executing VM operation: ICBufferFull done
Event: 4,043 Executing VM operation: HandshakeAllThreads
Event: 4,043 Executing VM operation: HandshakeAllThreads done
Event: 4,056 Executing VM operation: G1CollectForAllocation
Event: 4,085 Executing VM operation: G1CollectForAllocation done
Event: 4,208 Executing VM operation: HandshakeAllThreads
Event: 4,208 Executing VM operation: HandshakeAllThreads done
Event: 4,322 Executing VM operation: HandshakeAllThreads
Event: 4,322 Executing VM operation: HandshakeAllThreads done
Event: 4,323 Executing VM operation: HandshakeAllThreads
Event: 4,323 Executing VM operation: HandshakeAllThreads done
Event: 5,326 Executing VM operation: Cleanup
Event: 5,338 Executing VM operation: Cleanup done
Event: 6,343 Executing VM operation: Cleanup
Event: 6,344 Executing VM operation: Cleanup done
Event: 6,870 Executing VM operation: G1CollectForAllocation
Event: 6,877 Executing VM operation: G1CollectForAllocation done

Events (20 events):
Event: 7,543 Protecting memory [0x000070000c8da000,0x000070000c8de000] with protection modes 0
Event: 7,543 Thread 0x00007fea38de3800 Thread added: 0x00007fea38de3800
Event: 7,543 Protecting memory [0x000070000c8da000,0x000070000c8de000] with protection modes 3
Event: 7,543 Thread 0x00007fea38de3800 Thread exited: 0x00007fea38de3800
Event: 7,573 Protecting memory [0x000070000c8da000,0x000070000c8de000] with protection modes 0
Event: 7,573 Thread 0x00007fea3939e400 Thread added: 0x00007fea3939e400
Event: 7,573 Protecting memory [0x000070000c8da000,0x000070000c8de000] with protection modes 3
Event: 7,573 Thread 0x00007fea3939e400 Thread exited: 0x00007fea3939e400
Event: 7,573 Protecting memory [0x000070000c8da000,0x000070000c8de000] with protection modes 0
Event: 7,573 Thread 0x00007fea3939e400 Thread added: 0x00007fea3939e400
Event: 7,573 Protecting memory [0x000070000c8da000,0x000070000c8de000] with protection modes 3
Event: 7,573 Thread 0x00007fea3939e400 Thread exited: 0x00007fea3939e400
Event: 7,573 Protecting memory [0x000070000c8da000,0x000070000c8de000] with protection modes 0
Event: 7,573 Thread 0x00007fea3939e400 Thread added: 0x00007fea3939e400
Event: 7,573 Protecting memory [0x000070000c8da000,0x000070000c8de000] with protection modes 3
Event: 7,573 Thread 0x00007fea3939e400 Thread exited: 0x00007fea3939e400
Event: 7,573 Protecting memory [0x000070000c8da000,0x000070000c8de000] with protection modes 0
Event: 7,573 Thread 0x00007fea3939e400 Thread added: 0x00007fea3939e400
Event: 7,573 Protecting memory [0x000070000c8da000,0x000070000c8de000] with protection modes 3
Event: 7,573 Thread 0x00007fea3939e400 Thread exited: 0x00007fea3939e400


Dynamic libraries:
0x0000000103965000 	/Library/Java/JavaVirtualMachines/jdk-17.0.2.jdk/Contents/Home/lib/libjli.dylib
0x00007ff823f6b000 	/usr/lib/libz.1.dylib
0x00007ff82404b000 	/usr/lib/libSystem.B.dylib
0x00007ff824046000 	/usr/lib/system/libcache.dylib
0x00007ff824002000 	/usr/lib/system/libcommonCrypto.dylib
0x00007ff82402b000 	/usr/lib/system/libcompiler_rt.dylib
0x00007ff824021000 	/usr/lib/system/libcopyfile.dylib
0x00007ff818ff6000 	/usr/lib/system/libcorecrypto.dylib
0x00007ff8190b4000 	/usr/lib/system/libdispatch.dylib
0x00007ff819278000 	/usr/lib/system/libdyld.dylib
0x00007ff82403d000 	/usr/lib/system/libkeymgr.dylib
0x00007ff823fe0000 	/usr/lib/system/libmacho.dylib
0x00007ff82365f000 	/usr/lib/system/libquarantine.dylib
0x00007ff82403b000 	/usr/lib/system/libremovefile.dylib
0x00007ff81e1f2000 	/usr/lib/system/libsystem_asl.dylib
0x00007ff818f9f000 	/usr/lib/system/libsystem_blocks.dylib
0x00007ff81913c000 	/usr/lib/system/libsystem_c.dylib
0x00007ff824033000 	/usr/lib/system/libsystem_collections.dylib
0x00007ff82290c000 	/usr/lib/system/libsystem_configuration.dylib
0x00007ff821bb8000 	/usr/lib/system/libsystem_containermanager.dylib
0x00007ff823d19000 	/usr/lib/system/libsystem_coreservices.dylib
0x00007ff81b89b000 	/usr/lib/system/libsystem_darwin.dylib
0x00007ff82403e000 	/usr/lib/system/libsystem_dnssd.dylib
0x00007ff819139000 	/usr/lib/system/libsystem_featureflags.dylib
0x00007ff81928e000 	/usr/lib/system/libsystem_info.dylib
0x00007ff823f7e000 	/usr/lib/system/libsystem_m.dylib
0x00007ff819088000 	/usr/lib/system/libsystem_malloc.dylib
0x00007ff81e18d000 	/usr/lib/system/libsystem_networkextension.dylib
0x00007ff81bcc1000 	/usr/lib/system/libsystem_notify.dylib
0x00007ff82a2a9000 	/usr/lib/system/libsystem_product_info_filter.dylib
0x00007ff822910000 	/usr/lib/system/libsystem_sandbox.dylib
0x00007ff824038000 	/usr/lib/system/libsystem_secinit.dylib
0x00007ff819234000 	/usr/lib/system/libsystem_kernel.dylib
0x00007ff819284000 	/usr/lib/system/libsystem_platform.dylib
0x00007ff81926c000 	/usr/lib/system/libsystem_pthread.dylib
0x00007ff81fa3a000 	/usr/lib/system/libsystem_symptoms.dylib
0x00007ff818fdd000 	/usr/lib/system/libsystem_trace.dylib
0x00007ff82400e000 	/usr/lib/system/libunwind.dylib
0x00007ff818fa1000 	/usr/lib/system/libxpc.dylib
0x00007ff81921e000 	/usr/lib/libc++abi.dylib
0x00007ff8190fb000 	/usr/lib/libobjc.A.dylib
0x00007ff824019000 	/usr/lib/liboah.dylib
0x00007ff8191c5000 	/usr/lib/libc++.1.dylib
0x00007ff8300a2000 	/System/Library/Frameworks/Cocoa.framework/Versions/A/Cocoa
0x00007ff81bd1f000 	/System/Library/Frameworks/AppKit.framework/Versions/C/AppKit
0x00007ff81f22a000 	/System/Library/Frameworks/CoreData.framework/Versions/A/CoreData
0x00007ff81a12b000 	/System/Library/Frameworks/Foundation.framework/Versions/C/Foundation
0x00007ff81cbad000 	/System/Library/PrivateFrameworks/UIFoundation.framework/Versions/A/UIFoundation
0x00007ff829fac000 	/System/Library/PrivateFrameworks/RemoteViewServices.framework/Versions/A/RemoteViewServices
0x00007ff822296000 	/System/Library/PrivateFrameworks/XCTTargetBootstrap.framework/Versions/A/XCTTargetBootstrap
0x00007ff825e52000 	/System/Library/PrivateFrameworks/InternationalSupport.framework/Versions/A/InternationalSupport
0x00007ff825edc000 	/System/Library/PrivateFrameworks/UserActivity.framework/Versions/A/UserActivity
0x00007ff825232000 	/usr/lib/libspindump.dylib
0x00007ff81ce3b000 	/System/Library/Frameworks/UniformTypeIdentifiers.framework/Versions/A/UniformTypeIdentifiers
0x00007ff8209bf000 	/usr/lib/libapp_launch_measurement.dylib
0x00007ff81fbfa000 	/System/Library/PrivateFrameworks/CoreAnalytics.framework/Versions/A/CoreAnalytics
0x00007ff8209c2000 	/System/Library/PrivateFrameworks/CoreAutoLayout.framework/Versions/A/CoreAutoLayout
0x00007ff821bf0000 	/System/Library/Frameworks/Metal.framework/Versions/A/Metal
0x00007ff82291c000 	/usr/lib/liblangid.dylib
0x00007ff82229b000 	/System/Library/PrivateFrameworks/CoreSVG.framework/Versions/A/CoreSVG
0x00007ff81e222000 	/System/Library/PrivateFrameworks/SkyLight.framework/Versions/A/SkyLight
0x00007ff81e5c0000 	/System/Library/Frameworks/CoreGraphics.framework/Versions/A/CoreGraphics
0x00007ff82a66c000 	/System/Library/Frameworks/Accelerate.framework/Versions/A/Accelerate
0x00007ff824cb1000 	/System/Library/PrivateFrameworks/IconServices.framework/Versions/A/IconServices
0x00007ff821bd5000 	/System/Library/Frameworks/IOSurface.framework/Versions/A/IOSurface
0x00007ff81fc28000 	/usr/lib/libDiagnosticMessagesClient.dylib
0x00007ff82dd4f000 	/System/Library/Frameworks/ApplicationServices.framework/Versions/A/ApplicationServices
0x00007ff822282000 	/System/Library/PrivateFrameworks/DFRFoundation.framework/Versions/A/DFRFoundation
0x00007ff81b607000 	/usr/lib/libicucore.A.dylib
0x00007ff826c47000 	/System/Library/Frameworks/AudioToolbox.framework/Versions/A/AudioToolbox
0x00007ff825e5e000 	/System/Library/PrivateFrameworks/DataDetectorsCore.framework/Versions/A/DataDetectorsCore
0x00007ff921deb000 	/System/Library/PrivateFrameworks/TextInput.framework/Versions/A/TextInput
0x00007ff81e1a5000 	/usr/lib/libMobileGestalt.dylib
0x00007ff821f8e000 	/System/Library/Frameworks/Carbon.framework/Versions/A/Frameworks/HIToolbox.framework/Versions/A/HIToolbox
0x00007ff8203c5000 	/System/Library/Frameworks/QuartzCore.framework/Versions/A/QuartzCore
0x00007ff81b2ae000 	/System/Library/Frameworks/Security.framework/Versions/A/Security
0x00007ff829fe4000 	/System/Library/Frameworks/Carbon.framework/Versions/A/Frameworks/SpeechRecognition.framework/Versions/A/SpeechRecognition
0x00007ff82071f000 	/System/Library/PrivateFrameworks/CoreUI.framework/Versions/A/CoreUI
0x00007ff81ab7a000 	/System/Library/Frameworks/CoreAudio.framework/Versions/A/CoreAudio
0x00007ff81fd17000 	/System/Library/Frameworks/DiskArbitration.framework/Versions/A/DiskArbitration
0x00007ff825620000 	/System/Library/PrivateFrameworks/MultitouchSupport.framework/Versions/A/MultitouchSupport
0x00007ff81e1a4000 	/usr/lib/libenergytrace.dylib
0x00007ff81bc0b000 	/System/Library/Frameworks/IOKit.framework/Versions/A/IOKit
0x00007ff82a3d4000 	/System/Library/Frameworks/CoreServices.framework/Versions/A/CoreServices
0x00007ff820959000 	/System/Library/PrivateFrameworks/PerformanceAnalysis.framework/Versions/A/PerformanceAnalysis
0x00007ffa3130f000 	/System/Library/Frameworks/OpenGL.framework/Versions/A/OpenGL
0x00007ff823585000 	/System/Library/PrivateFrameworks/MobileKeyBag.framework/Versions/A/MobileKeyBag
0x00007ff81ec8b000 	/System/Library/Frameworks/ColorSync.framework/Versions/A/ColorSync
0x00007ff8192b9000 	/System/Library/Frameworks/CoreFoundation.framework/Versions/A/CoreFoundation
0x00007ff822512000 	/System/Library/Frameworks/CoreImage.framework/Versions/A/CoreImage
0x00007ff81a992000 	/System/Library/Frameworks/CoreText.framework/Versions/A/CoreText
0x00007ff8222cb000 	/System/Library/Frameworks/ImageIO.framework/Versions/A/ImageIO
0x00007ff824051000 	/System/Library/PrivateFrameworks/SoftLinking.framework/Versions/A/SoftLinking
0x00007ff820a0a000 	/usr/lib/libxml2.2.dylib
0x00007ff8242d5000 	/usr/lib/libcompression.dylib
0x00007ff825d85000 	/System/Library/PrivateFrameworks/TextureIO.framework/Versions/A/TextureIO
0x00007ff8249c3000 	/usr/lib/libate.dylib
0x00007ff82479f000 	/usr/lib/liblzma.5.dylib
0x00007ff819e3e000 	/System/Library/Frameworks/SystemConfiguration.framework/Versions/A/SystemConfiguration
0x00007ff82404d000 	/usr/lib/libfakelink.dylib
0x00007ff81dcfe000 	/System/Library/Frameworks/CFNetwork.framework/Versions/A/CFNetwork
0x00007ff82418e000 	/usr/lib/libarchive.2.dylib
0x00007ff822918000 	/System/Library/PrivateFrameworks/AppleSystemInfo.framework/Versions/A/AppleSystemInfo
0x00007ff823686000 	/usr/lib/libbsm.0.dylib
0x00007ff81d311000 	/usr/lib/libnetwork.dylib
0x00007ff823fe6000 	/usr/lib/system/libkxld.dylib
0x00007ff8232b2000 	/System/Library/PrivateFrameworks/IOMobileFramebuffer.framework/Versions/A/IOMobileFramebuffer
0x00007ffb30816000 	/usr/lib/libCoreEntitlements.dylib
0x00007ff823cfb000 	/System/Library/PrivateFrameworks/AppleFSCompression.framework/Versions/A/AppleFSCompression
0x00007ff82366e000 	/usr/lib/libcoretls.dylib
0x00007ff8247b9000 	/usr/lib/libcoretls_cfhelpers.dylib
0x00007ff8242d0000 	/usr/lib/libpam.2.dylib
0x00007ff81f65a000 	/usr/lib/libsqlite3.dylib
0x00007ff824828000 	/usr/lib/libxar.1.dylib
0x00007ff823d0b000 	/usr/lib/libbz2.1.0.dylib
0x00007ff824052000 	/usr/lib/libpcap.A.dylib
0x00007ff81fa32000 	/usr/lib/libdns_services.dylib
0x00007ff8242a0000 	/usr/lib/libapple_nghttp2.dylib
0x00007ff82408c000 	/usr/lib/libiconv.2.dylib
0x00007ff823fdf000 	/usr/lib/libcharset.1.dylib
0x00007ff82098d000 	/System/Library/Frameworks/CoreServices.framework/Versions/A/Frameworks/FSEvents.framework/Versions/A/FSEvents
0x00007ff81b8a5000 	/System/Library/Frameworks/CoreServices.framework/Versions/A/Frameworks/CarbonCore.framework/Versions/A/CarbonCore
0x00007ff81fc7b000 	/System/Library/Frameworks/CoreServices.framework/Versions/A/Frameworks/Metadata.framework/Versions/A/Metadata
0x00007ff823d1e000 	/System/Library/Frameworks/CoreServices.framework/Versions/A/Frameworks/OSServices.framework/Versions/A/OSServices
0x00007ff824215000 	/System/Library/Frameworks/CoreServices.framework/Versions/A/Frameworks/SearchKit.framework/Versions/A/SearchKit
0x00007ff81f9c5000 	/System/Library/Frameworks/CoreServices.framework/Versions/A/Frameworks/AE.framework/Versions/A/AE
0x00007ff8197bb000 	/System/Library/Frameworks/CoreServices.framework/Versions/A/Frameworks/LaunchServices.framework/Versions/A/LaunchServices
0x00007ff824750000 	/System/Library/Frameworks/CoreServices.framework/Versions/A/Frameworks/DictionaryServices.framework/Versions/A/DictionaryServices
0x00007ff82099a000 	/System/Library/Frameworks/CoreServices.framework/Versions/A/Frameworks/SharedFileList.framework/Versions/A/SharedFileList
0x00007ff823662000 	/usr/lib/libCheckFix.dylib
0x00007ff81e209000 	/System/Library/PrivateFrameworks/TCC.framework/Versions/A/TCC
0x00007ff82291e000 	/System/Library/PrivateFrameworks/CoreNLP.framework/Versions/A/CoreNLP
0x00007ff81fc2b000 	/System/Library/PrivateFrameworks/MetadataUtilities.framework/Versions/A/MetadataUtilities
0x00007ff819eee000 	/usr/lib/libmecabra.dylib
0x00007ff823696000 	/usr/lib/libmecab.dylib
0x00007ff819eb9000 	/usr/lib/libCRFSuite.dylib
0x00007ff8236f0000 	/usr/lib/libgermantok.dylib
0x00007ff82427b000 	/usr/lib/libThaiTokenizer.dylib
0x00007ff81fd1e000 	/System/Library/Frameworks/Accelerate.framework/Versions/A/Frameworks/vImage.framework/Versions/A/vImage
0x00007ff82a3ab000 	/System/Library/Frameworks/Accelerate.framework/Versions/A/Frameworks/vecLib.framework/Versions/A/vecLib
0x00007ff824869000 	/System/Library/Frameworks/Accelerate.framework/Versions/A/Frameworks/vecLib.framework/Versions/A/libvMisc.dylib
0x00007ff8230dd000 	/System/Library/Frameworks/Accelerate.framework/Versions/A/Frameworks/vecLib.framework/Versions/A/libvDSP.dylib
0x00007ff819b35000 	/System/Library/Frameworks/Accelerate.framework/Versions/A/Frameworks/vecLib.framework/Versions/A/libBLAS.dylib
0x00007ff8243b2000 	/System/Library/Frameworks/Accelerate.framework/Versions/A/Frameworks/vecLib.framework/Versions/A/libLAPACK.dylib
0x00007ff8236f3000 	/System/Library/Frameworks/Accelerate.framework/Versions/A/Frameworks/vecLib.framework/Versions/A/libLinearAlgebra.dylib
0x00007ff8242b8000 	/System/Library/Frameworks/Accelerate.framework/Versions/A/Frameworks/vecLib.framework/Versions/A/libSparseBLAS.dylib
0x00007ff8243ac000 	/System/Library/Frameworks/Accelerate.framework/Versions/A/Frameworks/vecLib.framework/Versions/A/libQuadrature.dylib
0x00007ff822a09000 	/System/Library/Frameworks/Accelerate.framework/Versions/A/Frameworks/vecLib.framework/Versions/A/libBNNS.dylib
0x00007ff819dcf000 	/System/Library/Frameworks/Accelerate.framework/Versions/A/Frameworks/vecLib.framework/Versions/A/libSparse.dylib
0x00007ff822a02000 	/System/Library/PrivateFrameworks/LinguisticData.framework/Versions/A/LinguisticData
0x00007ff819d85000 	/System/Library/PrivateFrameworks/Lexicon.framework/Versions/A/Lexicon
0x00007ff824862000 	/usr/lib/libChineseTokenizer.dylib
0x00007ff81a4e7000 	/System/Library/PrivateFrameworks/LanguageModeling.framework/Versions/A/LanguageModeling
0x00007ff82427d000 	/System/Library/PrivateFrameworks/AppleSauce.framework/Versions/A/AppleSauce
0x00007ff8232a0000 	/System/Library/PrivateFrameworks/CoreEmoji.framework/Versions/A/CoreEmoji
0x00007ff82417d000 	/usr/lib/libcmph.dylib
0x00007ff820971000 	/System/Library/Frameworks/OpenDirectory.framework/Versions/A/Frameworks/CFOpenDirectory.framework/Versions/A/CFOpenDirectory
0x00007ff820965000 	/System/Library/Frameworks/OpenDirectory.framework/Versions/A/OpenDirectory
0x00007ff8247bb000 	/System/Library/PrivateFrameworks/APFS.framework/Versions/A/APFS
0x00007ff8235bd000 	/System/Library/Frameworks/SecurityFoundation.framework/Versions/A/SecurityFoundation
0x00007ff824836000 	/usr/lib/libutil.dylib
0x00007ff81bbcf000 	/System/Library/PrivateFrameworks/CoreServicesStore.framework/Versions/A/CoreServicesStore
0x00007ff82483a000 	/usr/lib/libxslt.1.dylib
0x00007ff82364a000 	/System/Library/PrivateFrameworks/BackgroundTaskManagement.framework/Versions/A/BackgroundTaskManagement
0x00007ff825ca5000 	/System/Library/Frameworks/ImageIO.framework/Versions/A/Resources/libRadiance.dylib
0x00007ff825cae000 	/System/Library/Frameworks/ImageIO.framework/Versions/A/Resources/libJPEG.dylib
0x00007ff825bff000 	/System/Library/Frameworks/ImageIO.framework/Versions/A/Resources/libPng.dylib
0x00007ff825c20000 	/System/Library/Frameworks/ImageIO.framework/Versions/A/Resources/libTIFF.dylib
0x00007ff825d0e000 	/System/Library/Frameworks/ImageIO.framework/Versions/A/Resources/libGIF.dylib
0x00007ff82553a000 	/System/Library/Frameworks/ImageIO.framework/Versions/A/Resources/libJP2.dylib
0x00007ff824c78000 	/usr/lib/libexpat.1.dylib
0x00007ff8254ef000 	/System/Library/PrivateFrameworks/AppleJPEG.framework/Versions/A/AppleJPEG
0x00007ff821e52000 	/System/Library/PrivateFrameworks/FontServices.framework/libFontParser.dylib
0x00007ff81f96f000 	/System/Library/PrivateFrameworks/RunningBoardServices.framework/Versions/A/RunningBoardServices
0x00007ff83065a000 	/System/Library/PrivateFrameworks/IOSurfaceAccelerator.framework/Versions/A/IOSurfaceAccelerator
0x00007ff82561c000 	/System/Library/PrivateFrameworks/WatchdogClient.framework/Versions/A/WatchdogClient
0x00007ff81a5d5000 	/System/Library/Frameworks/CoreDisplay.framework/Versions/A/CoreDisplay
0x00007ff821d50000 	/System/Library/Frameworks/CoreMedia.framework/Versions/A/CoreMedia
0x00007ff821be7000 	/System/Library/PrivateFrameworks/IOAccelerator.framework/Versions/A/IOAccelerator
0x00007ff820aee000 	/System/Library/Frameworks/CoreVideo.framework/Versions/A/CoreVideo
0x00007ff8242ce000 	/System/Library/Frameworks/MetalPerformanceShaders.framework/Versions/A/MetalPerformanceShaders
0x00007ff825659000 	/System/Library/Frameworks/VideoToolbox.framework/Versions/A/VideoToolbox
0x00007ff81f8b9000 	/System/Library/PrivateFrameworks/BaseBoard.framework/Versions/A/BaseBoard
0x00007ff81f640000 	/System/Library/PrivateFrameworks/ProtocolBuffer.framework/Versions/A/ProtocolBuffer
0x00007ff825c9e000 	/System/Library/PrivateFrameworks/GPUWrangler.framework/Versions/A/GPUWrangler
0x00007ff825c82000 	/System/Library/PrivateFrameworks/IOPresentment.framework/Versions/A/IOPresentment
0x00007ff825ca8000 	/System/Library/PrivateFrameworks/DSExternalDisplay.framework/Versions/A/DSExternalDisplay
0x00007ffa31303000 	/System/Library/Frameworks/OpenGL.framework/Versions/A/Libraries/libCoreFSCache.dylib
0x00007ffb1dfbf000 	/System/Library/PrivateFrameworks/GPUCompiler.framework/Versions/31001/Libraries/libGPUCompilerUtils.dylib
0x00007ff825d13000 	/System/Library/PrivateFrameworks/CMCaptureCore.framework/Versions/A/CMCaptureCore
0x00007ff825220000 	/System/Library/PrivateFrameworks/AppServerSupport.framework/Versions/A/AppServerSupport
0x00007ff8274df000 	/System/Library/PrivateFrameworks/perfdata.framework/Versions/A/perfdata
0x00007ff81a701000 	/System/Library/PrivateFrameworks/AudioToolboxCore.framework/Versions/A/AudioToolboxCore
0x00007ff821d2e000 	/System/Library/PrivateFrameworks/caulk.framework/Versions/A/caulk
0x00007ff826df1000 	/usr/lib/libAudioStatistics.dylib
0x00007ff91e599000 	/System/Library/PrivateFrameworks/SystemPolicy.framework/Versions/A/SystemPolicy
0x00007ff82704c000 	/usr/lib/libSMC.dylib
0x00007ff82ff55000 	/System/Library/Frameworks/CoreMIDI.framework/Versions/A/CoreMIDI
0x00007ff825bce000 	/usr/lib/libAudioToolboxUtility.dylib
0x00007ff91a83c000 	/System/Library/PrivateFrameworks/OSAServicesClient.framework/Versions/A/OSAServicesClient
0x00007ff8274ec000 	/usr/lib/libperfcheck.dylib
0x00007ff91f043000 	/usr/lib/libmis.dylib
0x00007ffa3135e000 	/System/Library/Frameworks/OpenGL.framework/Versions/A/Libraries/libGLU.dylib
0x00007ffa31322000 	/System/Library/Frameworks/OpenGL.framework/Versions/A/Libraries/libGFXShared.dylib
0x00007ffa3152b000 	/System/Library/Frameworks/OpenGL.framework/Versions/A/Libraries/libGL.dylib
0x00007ffa3132b000 	/System/Library/Frameworks/OpenGL.framework/Versions/A/Libraries/libGLImage.dylib
0x00007ffa3131f000 	/System/Library/Frameworks/OpenGL.framework/Versions/A/Libraries/libCVMSPluginSupport.dylib
0x00007ffa3130a000 	/System/Library/Frameworks/OpenGL.framework/Versions/A/Libraries/libCoreVMClient.dylib
0x00007ff82289a000 	/System/Library/Frameworks/MetalPerformanceShaders.framework/Versions/A/Frameworks/MPSCore.framework/Versions/A/MPSCore
0x00007ff823c66000 	/System/Library/Frameworks/MetalPerformanceShaders.framework/Versions/A/Frameworks/MPSImage.framework/Versions/A/MPSImage
0x00007ff823709000 	/System/Library/Frameworks/MetalPerformanceShaders.framework/Versions/A/Frameworks/MPSNeuralNetwork.framework/Versions/A/MPSNeuralNetwork
0x00007ff823b7d000 	/System/Library/Frameworks/MetalPerformanceShaders.framework/Versions/A/Frameworks/MPSMatrix.framework/Versions/A/MPSMatrix
0x00007ff823938000 	/System/Library/Frameworks/MetalPerformanceShaders.framework/Versions/A/Frameworks/MPSRayIntersector.framework/Versions/A/MPSRayIntersector
0x00007ff823bb5000 	/System/Library/Frameworks/MetalPerformanceShaders.framework/Versions/A/Frameworks/MPSNDArray.framework/Versions/A/MPSNDArray
0x00007ffa3628b000 	/System/Library/Frameworks/MetalPerformanceShaders.framework/Versions/A/Frameworks/MPSFunctions.framework/Versions/A/MPSFunctions
0x00007ff819a12000 	/System/Library/PrivateFrameworks/MetalTools.framework/Versions/A/MetalTools
0x00007ff822916000 	/System/Library/PrivateFrameworks/AggregateDictionary.framework/Versions/A/AggregateDictionary
0x00007ff824a5a000 	/usr/lib/libIOReport.dylib
0x00007ffa3293a000 	/System/Library/Frameworks/OpenCL.framework/Versions/A/OpenCL
0x00007ff824dbe000 	/System/Library/PrivateFrameworks/FaceCore.framework/Versions/A/FaceCore
0x00007ff824daf000 	/System/Library/PrivateFrameworks/GraphVisualizer.framework/Versions/A/GraphVisualizer
0x00007ffb1deca000 	/System/Library/PrivateFrameworks/FontServices.framework/Versions/A/FontServices
0x00007ff8251d8000 	/System/Library/PrivateFrameworks/OTSVG.framework/Versions/A/OTSVG
0x00007ff8206d5000 	/System/Library/Frameworks/ApplicationServices.framework/Versions/A/Frameworks/ATS.framework/Versions/A/Resources/libFontRegistry.dylib
0x00007ff825228000 	/System/Library/PrivateFrameworks/FontServices.framework/libhvf.dylib
0x00007ffb1decb000 	/System/Library/PrivateFrameworks/FontServices.framework/libXTFontStaticRegistryData.dylib
0x00007ff824c28000 	/System/Library/PrivateFrameworks/AppleVA.framework/Versions/A/AppleVA
0x00007ff826e11000 	/System/Library/Frameworks/ApplicationServices.framework/Versions/A/Frameworks/ATS.framework/Versions/A/ATS
0x00007ff81ed87000 	/System/Library/Frameworks/ApplicationServices.framework/Versions/A/Frameworks/HIServices.framework/Versions/A/HIServices
0x00007ff825d1d000 	/System/Library/Frameworks/ApplicationServices.framework/Versions/A/Frameworks/PrintCore.framework/Versions/A/PrintCore
0x00007ff82719f000 	/System/Library/Frameworks/ApplicationServices.framework/Versions/A/Frameworks/QD.framework/Versions/A/QD
0x00007ff827197000 	/System/Library/Frameworks/ApplicationServices.framework/Versions/A/Frameworks/ColorSyncLegacy.framework/Versions/A/ColorSyncLegacy
0x00007ff826e01000 	/System/Library/Frameworks/ApplicationServices.framework/Versions/A/Frameworks/SpeechSynthesis.framework/Versions/A/SpeechSynthesis
0x00007ff825cde000 	/System/Library/Frameworks/ApplicationServices.framework/Versions/A/Frameworks/ATSUI.framework/Versions/A/ATSUI
0x00007ff82712c000 	/usr/lib/libcups.2.dylib
0x00007ff8274fb000 	/System/Library/Frameworks/Kerberos.framework/Versions/A/Kerberos
0x00007ff82750a000 	/System/Library/Frameworks/GSS.framework/Versions/A/GSS
0x00007ff826e7d000 	/usr/lib/libresolv.9.dylib
0x00007ff825237000 	/System/Library/PrivateFrameworks/Heimdal.framework/Versions/A/Heimdal
0x00007ff82e0d7000 	/System/Library/Frameworks/Kerberos.framework/Versions/A/Libraries/libHeimdalProxy.dylib
0x00007ff81fa42000 	/System/Library/Frameworks/Network.framework/Versions/A/Network
0x00007ff824c92000 	/usr/lib/libheimdal-asn1.dylib
0x00007ff827555000 	/System/Library/PrivateFrameworks/CommonAuth.framework/Versions/A/CommonAuth
0x00007ff826d83000 	/System/Library/PrivateFrameworks/AudioSession.framework/Versions/A/AudioSession
0x00007ff824d22000 	/System/Library/PrivateFrameworks/MediaExperience.framework/Versions/A/MediaExperience
0x00007ff826c16000 	/System/Library/PrivateFrameworks/AudioSession.framework/libSessionUtility.dylib
0x00007ff8271ab000 	/System/Library/PrivateFrameworks/AudioResourceArbitration.framework/Versions/A/AudioResourceArbitration
0x00007ff82b21e000 	/System/Library/PrivateFrameworks/PowerLog.framework/Versions/A/PowerLog
0x00007ff824c9b000 	/System/Library/PrivateFrameworks/IconFoundation.framework/Versions/A/IconFoundation
0x00007ff829fd4000 	/System/Library/PrivateFrameworks/SpeechRecognitionCore.framework/Versions/A/SpeechRecognitionCore
0x00007ffa235aa000 	/System/Library/CoreServices/Encodings/libLatin2Converter.dylib
0x000000010498e000 	/Library/Java/JavaVirtualMachines/jdk-17.0.2.jdk/Contents/Home/lib/server/libjvm.dylib
0x0000000103994000 	/Library/Java/JavaVirtualMachines/jdk-17.0.2.jdk/Contents/Home/lib/libjimage.dylib
0x0000000103a12000 	/Library/Java/JavaVirtualMachines/jdk-17.0.2.jdk/Contents/Home/lib/libjava.dylib
0x0000000104878000 	/Library/Java/JavaVirtualMachines/jdk-17.0.2.jdk/Contents/Home/lib/libnio.dylib
0x00000001048b2000 	/Library/Java/JavaVirtualMachines/jdk-17.0.2.jdk/Contents/Home/lib/libnet.dylib
0x0000000104894000 	/Library/Java/JavaVirtualMachines/jdk-17.0.2.jdk/Contents/Home/lib/libzip.dylib
0x000000010485d000 	/Users/jakopf/.openjfx/cache/13/libprism_es2.dylib
0x00007ff81bb91000 	/System/Library/PrivateFrameworks/CoreServicesInternal.framework/Versions/A/CoreServicesInternal
0x00007ffa31536000 	/System/Library/Frameworks/OpenGL.framework/Versions/A/Resources/GLEngine.bundle/GLEngine
0x00007ffa3139c000 	/System/Library/Frameworks/OpenGL.framework/Versions/A/Libraries/libGLProgrammability.dylib
0x00007ffa263b7000 	/System/Library/Extensions/AppleIntelKBLGraphicsGLDriver.bundle/Contents/MacOS/AppleIntelKBLGraphicsGLDriver
0x00007ff92917d000 	/System/Library/PrivateFrameworks/GPUSupport.framework/Versions/A/Libraries/libGPUSupportMercury.dylib
0x00007ffa316c0000 	/System/Library/Frameworks/OpenGL.framework/Versions/A/Resources/GLRendererFloat.bundle/GLRendererFloat
0x000000010e570000 	/Users/jakopf/.openjfx/cache/13/libglass.dylib
0x00007ff82b80f000 	/System/Library/Frameworks/FileProvider.framework/Versions/A/FileProvider
0x00007ff81f826000 	/System/Library/Frameworks/Accounts.framework/Versions/A/Accounts
0x00007ff82b988000 	/System/Library/PrivateFrameworks/GenerationalStorage.framework/Versions/A/GenerationalStorage
0x00007ff82c49b000 	/System/Library/PrivateFrameworks/CoreSymbolication.framework/Versions/A/CoreSymbolication
0x00007ff82b213000 	/System/Library/PrivateFrameworks/SymptomDiagnosticReporter.framework/Versions/A/SymptomDiagnosticReporter
0x00007ff81ce4f000 	/System/Library/PrivateFrameworks/DesktopServicesPriv.framework/Versions/A/DesktopServicesPriv
0x00007ff81bcd0000 	/usr/lib/libsandbox.1.dylib
0x00007ff820b6d000 	/System/Library/PrivateFrameworks/UserManagement.framework/Versions/A/UserManagement
0x00007ff82c460000 	/System/Library/PrivateFrameworks/DebugSymbols.framework/Versions/A/DebugSymbols
0x00007ff82718c000 	/System/Library/PrivateFrameworks/NetAuth.framework/Versions/A/NetAuth
0x00007ff828099000 	/System/Library/PrivateFrameworks/Sharing.framework/Versions/A/Sharing
0x00007ff820b40000 	/System/Library/PrivateFrameworks/login.framework/Versions/A/Frameworks/loginsupport.framework/Versions/A/loginsupport
0x00007ff82d5fe000 	/System/Library/PrivateFrameworks/Apple80211.framework/Versions/A/Apple80211
0x00007ff823d4b000 	/System/Library/PrivateFrameworks/AuthKit.framework/Versions/A/AuthKit
0x00007ff823396000 	/System/Library/PrivateFrameworks/CoreUtils.framework/Versions/A/CoreUtils
0x00007ff8232bd000 	/System/Library/Frameworks/CoreWLAN.framework/Versions/A/CoreWLAN
0x00007ff8281f8000 	/System/Library/Frameworks/IOBluetooth.framework/Versions/A/IOBluetooth
0x00007ff82d666000 	/System/Library/PrivateFrameworks/CoreWiFi.framework/Versions/A/CoreWiFi
0x00007ff82c032000 	/System/Library/PrivateFrameworks/FrontBoardServices.framework/Versions/A/FrontBoardServices
0x00007ff82c0c3000 	/System/Library/PrivateFrameworks/BoardServices.framework/Versions/A/BoardServices
0x00007ff8235ac000 	/System/Library/PrivateFrameworks/AssertionServices.framework/Versions/A/AssertionServices
0x00007ff82d7e9000 	/System/Library/PrivateFrameworks/BackBoardServices.framework/Versions/A/BackBoardServices
0x00007ff8275e6000 	/System/Library/PrivateFrameworks/CorePhoneNumbers.framework/Versions/A/CorePhoneNumbers
0x00007ff82b330000 	/System/Library/PrivateFrameworks/DiskManagement.framework/Versions/A/DiskManagement
0x00007ff82b244000 	/System/Library/PrivateFrameworks/AppleIDAuthSupport.framework/Versions/A/AppleIDAuthSupport
0x00007ffa3884c000 	/System/Library/PrivateFrameworks/AAAFoundation.framework/Versions/A/AAAFoundation
0x00007ff8275c7000 	/System/Library/PrivateFrameworks/KeychainCircle.framework/Versions/A/KeychainCircle
0x00007ff82b2fc000 	/System/Library/PrivateFrameworks/MediaKit.framework/Versions/A/MediaKit
0x00007ff82b250000 	/System/Library/Frameworks/DiscRecording.framework/Versions/A/DiscRecording
0x00007ff824ba0000 	/usr/lib/libCoreStorage.dylib
0x00007ff82dad7000 	/usr/lib/libcsfde.dylib
0x00007ff8282c5000 	/System/Library/PrivateFrameworks/ProtectedCloudStorage.framework/Versions/A/ProtectedCloudStorage
0x00007ff82dad3000 	/System/Library/PrivateFrameworks/EFILogin.framework/Versions/A/EFILogin
0x00007ff82b9ae000 	/System/Library/PrivateFrameworks/OctagonTrust.framework/Versions/A/OctagonTrust
0x00007ffb1d139000 	/System/Library/PrivateFrameworks/CoreUtilsExtras.framework/Versions/A/CoreUtilsExtras
0x00007ff82b177000 	/System/Library/Frameworks/CoreBluetooth.framework/Versions/A/CoreBluetooth
0x00007ff82e15c000 	/System/Library/Frameworks/AudioUnit.framework/Versions/A/AudioUnit
0x00007ff824b98000 	/usr/lib/libMatch.1.dylib
0x00007ff92361c000 	/System/Library/Frameworks/Accelerate.framework/Versions/A/Frameworks/vImage.framework/Versions/A/Libraries/libCGInterfaces.dylib
0x0000000126590000 	/usr/lib/libobjc-trampolines.dylib
0x00007ff820865000 	/System/Library/PrivateFrameworks/ViewBridge.framework/Versions/A/ViewBridge
0x00007ffb30925000 	/usr/lib/libRosetta.dylib
0x0000000129de3000 	/Users/jakopf/.openjfx/cache/13/libglib-lite.dylib
0x00007ff827736000 	/usr/lib/libffi.dylib
0x000000012a0ab000 	/Users/jakopf/.openjfx/cache/13/libgstreamer-lite.dylib
0x0000000129ce1000 	/Users/jakopf/.openjfx/cache/13/libjfxmedia.dylib
0x0000000129d16000 	/Users/jakopf/.openjfx/cache/13/libjfxmedia_avf.dylib
0x00007ff91e3b1000 	/System/Library/Frameworks/AVFoundation.framework/Versions/A/AVFoundation
0x00007ffa351be000 	/System/Library/Frameworks/AVFAudio.framework/Versions/A/AVFAudio
0x00007ff82be42000 	/System/Library/PrivateFrameworks/AVFCore.framework/Versions/A/AVFCore
0x00007ff832eea000 	/System/Library/PrivateFrameworks/AVFCapture.framework/Versions/A/AVFCapture
0x00007ff91d146000 	/System/Library/PrivateFrameworks/AirPlaySync.framework/Versions/A/AirPlaySync
0x00007ff825f47000 	/System/Library/Frameworks/MediaToolbox.framework/Versions/A/MediaToolbox
0x00007ff82b7df000 	/System/Library/PrivateFrameworks/CoreAVCHD.framework/Versions/A/CoreAVCHD
0x00007ff82a6b4000 	/System/Library/Frameworks/MediaAccessibility.framework/Versions/A/MediaAccessibility
0x00007ff82b7db000 	/System/Library/PrivateFrameworks/Mangrove.framework/Versions/A/Mangrove
0x00007ff82a6bf000 	/System/Library/PrivateFrameworks/AlgosScoreFramework.framework/Versions/A/AlgosScoreFramework
0x00007ffb1a433000 	/System/Library/PrivateFrameworks/CMPhoto.framework/Versions/A/CMPhoto
0x00007ff82c336000 	/System/Library/PrivateFrameworks/AppleVPA.framework/Versions/A/AppleVPA
0x00007ff82b420000 	/System/Library/PrivateFrameworks/CoreAUC.framework/Versions/A/CoreAUC
0x00007ffb1a41c000 	/System/Library/PrivateFrameworks/CMImaging.framework/Versions/A/CMImaging
0x00007ff83303c000 	/System/Library/PrivateFrameworks/Quagga.framework/Versions/A/Quagga
0x00007ff833100000 	/System/Library/PrivateFrameworks/CMCapture.framework/Versions/A/CMCapture
0x00007ff826f6c000 	/System/Library/Frameworks/CoreMediaIO.framework/Versions/A/CoreMediaIO
0x00007ff82e284000 	/System/Library/PrivateFrameworks/Espresso.framework/Versions/A/Espresso
0x00007ff82db59000 	/System/Library/PrivateFrameworks/AppSupport.framework/Versions/A/AppSupport
0x00007ffa23f77000 	/System/Library/PrivateFrameworks/ANECompiler.framework/Versions/A/ANECompiler
0x00007ff82fed5000 	/System/Library/PrivateFrameworks/AppleNeuralEngine.framework/Versions/A/AppleNeuralEngine
0x00007ffb209a8000 	/System/Library/PrivateFrameworks/MIL.framework/Versions/A/MIL
0x00007ffa3629e000 	/System/Library/Frameworks/MetalPerformanceShadersGraph.framework/Versions/A/MetalPerformanceShadersGraph
0x00007ff82ee24000 	/System/Library/PrivateFrameworks/ANEServices.framework/Versions/A/ANEServices
0x00007ff922def000 	/usr/lib/libncurses.5.4.dylib
0x0000000129cbd000 	/Users/jakopf/.openjfx/cache/13/libfxplugins.dylib
0x00007ffa3833f000 	/System/Library/Frameworks/VideoDecodeAcceleration.framework/Versions/A/VideoDecodeAcceleration
0x0000000129d97000 	/System/Library/Extensions/AppleHDA.kext/Contents/PlugIns/AppleHDAHALPlugIn.bundle/Contents/MacOS/AppleHDAHALPlugIn
0x0000000129f1b000 	/System/Library/Components/CoreAudio.component/Contents/MacOS/CoreAudio
0x000000012bb36000 	/System/Library/Components/AudioCodecs.component/Contents/MacOS/AudioCodecs
0x0000000129d6e000 	/Users/jakopf/.openjfx/cache/13/libjavafx_font.dylib
0x00007ff8252ee000 	/System/Library/PrivateFrameworks/login.framework/Versions/A/login


VM Arguments:
jvm_args: -XX:+ShowCodeDetailsInExceptionMessages --module-path=/Users/jakopf/Desktop/Gwint/target/classes:/Users/jakopf/.m2/repository/org/openjfx/javafx-controls/13/javafx-controls-13-mac.jar:/Users/jakopf/.m2/repository/org/openjfx/javafx-graphics/13/javafx-graphics-13-mac.jar:/Users/jakopf/.m2/repository/org/openjfx/javafx-base/13/javafx-base-13-mac.jar:/Users/jakopf/.m2/repository/org/openjfx/javafx-fxml/13/javafx-fxml-13-mac.jar:/Users/jakopf/.m2/repository/org/openjfx/javafx-media/13/javafx-media-13-mac.jar:/Users/jakopf/.m2/repository/org/json/json/20220320/json-20220320.jar -Djdk.module.main=gwint 
java_command: gwint/gwint.App
java_class_path (initial): /Users/jakopf/.m2/repository/org/openjfx/javafx-controls/13/javafx-controls-13.jar:/Users/jakopf/.m2/repository/org/openjfx/javafx-graphics/13/javafx-graphics-13.jar:/Users/jakopf/.m2/repository/org/openjfx/javafx-base/13/javafx-base-13.jar:/Users/jakopf/.m2/repository/org/openjfx/javafx-fxml/13/javafx-fxml-13.jar:/Users/jakopf/.m2/repository/org/openjfx/javafx-media/13/javafx-media-13.jar
Launcher Type: SUN_STANDARD

[Global flags]
     intx CICompilerCount                          = 3                                         {product} {ergonomic}
     uint ConcGCThreads                            = 1                                         {product} {ergonomic}
     uint G1ConcRefinementThreads                  = 4                                         {product} {ergonomic}
   size_t G1HeapRegionSize                         = 1048576                                   {product} {ergonomic}
    uintx GCDrainStackTargetSize                   = 64                                        {product} {ergonomic}
   size_t InitialHeapSize                          = 134217728                                 {product} {ergonomic}
   size_t MarkStackSize                            = 4194304                                   {product} {ergonomic}
   size_t MaxHeapSize                              = 2147483648                                {product} {ergonomic}
   size_t MaxNewSize                               = 1287651328                                {product} {ergonomic}
   size_t MinHeapDeltaBytes                        = 1048576                                   {product} {ergonomic}
   size_t MinHeapSize                              = 8388608                                   {product} {ergonomic}
    uintx NonNMethodCodeHeapSize                   = 5832780                                {pd product} {ergonomic}
    uintx NonProfiledCodeHeapSize                  = 122912730                              {pd product} {ergonomic}
    uintx ProfiledCodeHeapSize                     = 122912730                              {pd product} {ergonomic}
    uintx ReservedCodeCacheSize                    = 251658240                              {pd product} {ergonomic}
     bool SegmentedCodeCache                       = true                                      {product} {ergonomic}
     bool ShowCodeDetailsInExceptionMessages       = true                                   {manageable} {command line}
   size_t SoftMaxHeapSize                          = 2147483648                             {manageable} {ergonomic}
     bool UseCompressedClassPointers               = true                           {product lp64_product} {ergonomic}
     bool UseCompressedOops                        = true                           {product lp64_product} {ergonomic}
     bool UseG1GC                                  = true                                      {product} {ergonomic}
     bool UseNUMA                                  = false                                     {product} {ergonomic}
     bool UseNUMAInterleaving                      = false                                     {product} {ergonomic}

Logging:
Log output configuration:
 #0: stdout all=warning uptime,level,tags
 #1: stderr all=off uptime,level,tags

Environment Variables:
PATH=/Library/Frameworks/Python.framework/Versions/3.8/bin:/usr/local/bin:/usr/bin:/bin:/usr/sbin:/sbin:/Library/TeX/texbin:/opt/X11/bin:/Library/Apple/usr/bin:/Library/Frameworks/Python.framework/Versions/3.8/bin
SHELL=/bin/bash
DISPLAY=/private/tmp/com.apple.launchd.1rKQ8GaaX7/org.macosforge.xquartz:0
LANG=pl_PL.UTF-8

Signal Handlers:
   SIGSEGV: _ZL13crash_handleriP9__siginfoPv in libjvm.dylib, mask=11100110000111110111111111111111, flags=SA_RESTART|SA_SIGINFO
    SIGBUS: _ZL13crash_handleriP9__siginfoPv in libjvm.dylib, mask=11100110000111110111111111111111, flags=SA_RESTART|SA_SIGINFO
    SIGFPE: _ZL13crash_handleriP9__siginfoPv in libjvm.dylib, mask=11100110000111110111111111111111, flags=SA_RESTART|SA_SIGINFO
   SIGPIPE: _ZL17javaSignalHandleriP9__siginfoPv in libjvm.dylib, mask=11100110000111110111111111111111, flags=SA_RESTART|SA_SIGINFO
   SIGXFSZ: _ZL17javaSignalHandleriP9__siginfoPv in libjvm.dylib, mask=11100110000111110111111111111111, flags=SA_RESTART|SA_SIGINFO
    SIGILL: _ZL13crash_handleriP9__siginfoPv in libjvm.dylib, mask=11100110000111110111111111111111, flags=SA_RESTART|SA_SIGINFO
   SIGUSR2: _ZL10SR_handleriP9__siginfoP17__darwin_ucontext in libjvm.dylib, mask=00000000000000000000000000000000, flags=SA_RESTART|SA_SIGINFO
    SIGHUP: _ZL11UserHandleriPvS_ in libjvm.dylib, mask=11100110000111110111111111111111, flags=SA_RESTART|SA_SIGINFO
    SIGINT: _ZL11UserHandleriPvS_ in libjvm.dylib, mask=11100110000111110111111111111111, flags=SA_RESTART|SA_SIGINFO
   SIGTERM: _ZL11UserHandleriPvS_ in libjvm.dylib, mask=11100110000111110111111111111111, flags=SA_RESTART|SA_SIGINFO
   SIGQUIT: _ZL11UserHandleriPvS_ in libjvm.dylib, mask=11100110000111110111111111111111, flags=SA_RESTART|SA_SIGINFO
   SIGTRAP: _ZL13crash_handleriP9__siginfoPv in libjvm.dylib, mask=11100110000111110111111111111111, flags=SA_RESTART|SA_SIGINFO


---------------  S Y S T E M  ---------------

OS:
uname: Darwin 21.4.0 Darwin Kernel Version 21.4.0: Fri Mar 18 00:45:05 PDT 2022; root:xnu-8020.101.4~15/RELEASE_X86_64 x86_64
OS uptime: 3 days 11:27 hours
rlimit (soft/hard): STACK 8192k/65532k , CORE 0k/infinity , NPROC 1392/2088 , NOFILE 10240/infinity , AS infinity/infinity , CPU infinity/infinity , DATA infinity/infinity , FSIZE infinity/infinity , MEMLOCK infinity/infinity , RSS infinity/infinity
load average: 29,73 14,66 10,33

CPU: total 4 (initial active 4) (2 cores per cpu, 2 threads per core) family 6 model 142 stepping 9 microcode 0xec, cx8, cmov, fxsr, ht, mmx, 3dnowpref, sse, sse2, sse3, ssse3, sse4.1, sse4.2, popcnt, lzcnt, tsc, tscinvbit, avx, avx2, aes, erms, clmul, bmi1, bmi2, rtm, adx, fma, vzeroupper, clflush, clflushopt

Memory: 4k page, physical 8388608k(60912k free), swap 3145728k(1094400k free)

vm_info: Java HotSpot(TM) 64-Bit Server VM (17.0.2+8-LTS-86) for bsd-amd64 JRE (17.0.2+8-LTS-86), built on Dec  7 2021 21:56:25 by "mach5one" with clang Apple LLVM 12.0.0 (clang-1200.0.32.29)

END.
